This is pdfTeX, Version 3.14159265-2.6-1.40.21 (MiKTeX 20.12) (preloaded format=pdflatex 2021.9.5)  19 APR 2022 16:20
entering extended mode
**./GreatFlood.tex
(GreatFlood.tex
LaTeX2e <2021-06-01> patch level 1
L3 programming layer <2021-08-27>
("/Users/thomasbroadwater/Library/Application Support/MiKTeX/texmfs/install/tex
/latex/turabian-formatting/turabian-researchpaper.cls"
Document Class: turabian-researchpaper 2021/03/20 Turabian Research Paper

("/Users/thomasbroadwater/Library/Application Support/MiKTeX/texmfs/install/tex
/latex/base/article.cls"
Document Class: article 2021/02/12 v1.4n Standard LaTeX document class

("/Users/thomasbroadwater/Library/Application Support/MiKTeX/texmfs/install/tex
/latex/base/size12.clo"
File: size12.clo 2021/02/12 v1.4n Standard LaTeX file (size option)
)
\c@part=\count182
\c@section=\count183
\c@subsection=\count184
\c@subsubsection=\count185
\c@paragraph=\count186
\c@subparagraph=\count187
\c@figure=\count188
\c@table=\count189
\abovecaptionskip=\skip47
\belowcaptionskip=\skip48
\bibindent=\dimen138
)
("/Users/thomasbroadwater/Library/Application Support/MiKTeX/texmfs/install/tex
/latex/turabian-formatting/turabian-formatting.sty"
Package: turabian-formatting 2021/03/20 Turabian Formatting

("/Users/thomasbroadwater/Library/Application Support/MiKTeX/texmfs/install/tex
/latex/etoolbox/etoolbox.sty"
Package: etoolbox 2020/10/05 v2.5k e-TeX tools for LaTeX (JAW)
\etb@tempcnta=\count190
)
("/Users/thomasbroadwater/Library/Application Support/MiKTeX/texmfs/install/tex
/latex/setspace/setspace.sty"
Package: setspace 2011/12/19 v6.7a set line spacing
)
\tf@singlelineskip=\skip49
\tf@fnsinglelineskip=\skip50

("/Users/thomasbroadwater/Library/Application Support/MiKTeX/texmfs/install/tex
/latex/footmisc/footmisc.sty"
Package: footmisc 2011/06/06 v5.5b a miscellany of footnote facilities
\FN@temptoken=\toks16
\footnotemargin=\dimen139
\c@pp@next@reset=\count191
Package footmisc Info: Declaring symbol style bringhurst on input line 855.
Package footmisc Info: Declaring symbol style chicago on input line 863.
Package footmisc Info: Declaring symbol style wiley on input line 872.
Package footmisc Info: Declaring symbol style lamport-robust on input line 883.

Package footmisc Info: Declaring symbol style lamport* on input line 903.
Package footmisc Info: Declaring symbol style lamport*-robust on input line 924
.
))
\tf@ssectafterskip=\skip51
)
(/Library/Frameworks/R.framework/Resources/share/texmf/tex/latex/Sweave.sty
Package: Sweave 

("/Users/thomasbroadwater/Library/Application Support/MiKTeX/texmfs/install/tex
/latex/base/ifthen.sty"
Package: ifthen 2020/11/24 v1.1c Standard LaTeX ifthen package (DPC)
)
("/Users/thomasbroadwater/Library/Application Support/MiKTeX/texmfs/install/tex
/latex/graphics/graphicx.sty"
Package: graphicx 2020/12/05 v1.2c Enhanced LaTeX Graphics (DPC,SPQR)

("/Users/thomasbroadwater/Library/Application Support/MiKTeX/texmfs/install/tex
/latex/graphics/keyval.sty"
Package: keyval 2014/10/28 v1.15 key=value parser (DPC)
\KV@toks@=\toks17
)
("/Users/thomasbroadwater/Library/Application Support/MiKTeX/texmfs/install/tex
/latex/graphics/graphics.sty"
Package: graphics 2021/03/04 v1.4d Standard LaTeX Graphics (DPC,SPQR)

("/Users/thomasbroadwater/Library/Application Support/MiKTeX/texmfs/install/tex
/latex/graphics/trig.sty"
Package: trig 2016/01/03 v1.10 sin cos tan (DPC)
)
("/Users/thomasbroadwater/Library/Application Support/MiKTeX/texmfs/install/tex
/latex/graphics-cfg/graphics.cfg"
File: graphics.cfg 2016/06/04 v1.11 sample graphics configuration
)
Package graphics Info: Driver file: pdftex.def on input line 107.

("/Users/thomasbroadwater/Library/Application Support/MiKTeX/texmfs/install/tex
/latex/graphics-def/pdftex.def"
File: pdftex.def 2020/10/05 v1.2a Graphics/color driver for pdftex
))
\Gin@req@height=\dimen140
\Gin@req@width=\dimen141
)
("/Users/thomasbroadwater/Library/Application Support/MiKTeX/texmfs/install/tex
/latex/fancyvrb/fancyvrb.sty"
Package: fancyvrb 2021/08/12 v3.8 verbatim text (tvz,hv)
\FV@CodeLineNo=\count192
\FV@InFile=\read2
\FV@TabBox=\box50
\c@FancyVerbLine=\count193
\FV@StepNumber=\count194
\FV@OutFile=\write3
)
("/Users/thomasbroadwater/Library/Application Support/MiKTeX/texmfs/install/tex
/latex/base/textcomp.sty"
Package: textcomp 2020/02/02 v2.0n Standard LaTeX package
)
("/Users/thomasbroadwater/Library/Application Support/MiKTeX/texmfs/install/tex
/latex/base/fontenc.sty"
Package: fontenc 2021/04/29 v2.0v Standard LaTeX package
)
("/Users/thomasbroadwater/Library/Application Support/MiKTeX/texmfs/install/tex
/latex/ae/ae.sty"
Package: ae 2001/02/12 1.3 Almost European Computer Modern

("/Users/thomasbroadwater/Library/Application Support/MiKTeX/texmfs/install/tex
/latex/base/fontenc.sty"
Package: fontenc 2021/04/29 v2.0v Standard LaTeX package
)))
("/Users/thomasbroadwater/Library/Application Support/MiKTeX/texmfs/install/tex
/latex/nowidow/nowidow.sty"
Package: nowidow 2011/09/20 1.0 Easily prevent widows and orphans
Package: nowidow 

("/Users/thomasbroadwater/Library/Application Support/MiKTeX/texmfs/install/tex
/latex/kvoptions/kvoptions.sty"
Package: kvoptions 2020-10-07 v3.14 Key value format for package options (HO)

("/Users/thomasbroadwater/Library/Application Support/MiKTeX/texmfs/install/tex
/generic/ltxcmds/ltxcmds.sty"
Package: ltxcmds 2020-05-10 v1.25 LaTeX kernel commands for general use (HO)
)
("/Users/thomasbroadwater/Library/Application Support/MiKTeX/texmfs/install/tex
/generic/kvsetkeys/kvsetkeys.sty"
Package: kvsetkeys 2019/12/15 v1.18 Key value parser (HO)
)))
LaTeX Font Info:    Trying to load font information for T1+aer on input line 13
.

("/Users/thomasbroadwater/Library/Application Support/MiKTeX/texmfs/install/tex
/latex/ae/t1aer.fd"
File: t1aer.fd 1997/11/16 Font definitions for T1/aer.
)
("/Users/thomasbroadwater/Library/Application Support/MiKTeX/texmfs/install/tex
/latex/l3backend/l3backend-pdftex.def"
File: l3backend-pdftex.def 2021-08-04 L3 backend support: PDF output (pdfTeX)
\l__color_backend_stack_int=\count195
\l__pdf_internal_box=\box51
) (GreatFlood.aux)
\openout1 = `GreatFlood.aux'.

LaTeX Font Info:    Checking defaults for OML/cmm/m/it on input line 13.
LaTeX Font Info:    ... okay on input line 13.
LaTeX Font Info:    Checking defaults for OMS/cmsy/m/n on input line 13.
LaTeX Font Info:    ... okay on input line 13.
LaTeX Font Info:    Checking defaults for OT1/cmr/m/n on input line 13.
LaTeX Font Info:    ... okay on input line 13.
LaTeX Font Info:    Checking defaults for T1/cmr/m/n on input line 13.
LaTeX Font Info:    ... okay on input line 13.
LaTeX Font Info:    Checking defaults for TS1/cmr/m/n on input line 13.
LaTeX Font Info:    ... okay on input line 13.
LaTeX Font Info:    Checking defaults for OMX/cmex/m/n on input line 13.
LaTeX Font Info:    ... okay on input line 13.
LaTeX Font Info:    Checking defaults for U/cmr/m/n on input line 13.
LaTeX Font Info:    ... okay on input line 13.

("/Users/thomasbroadwater/Library/Application Support/MiKTeX/texmfs/install/tex
/context/base/mkii/supp-pdf.mkii"
[Loading MPS to PDF converter (version 2006.09.02).]
\scratchcounter=\count196
\scratchdimen=\dimen142
\scratchbox=\box52
\nofMPsegments=\count197
\nofMParguments=\count198
\everyMPshowfont=\toks18
\MPscratchCnt=\count199
\MPscratchDim=\dimen143
\MPnumerator=\count266
\makeMPintoPDFobject=\count267
\everyMPtoPDFconversion=\toks19
)
("/Users/thomasbroadwater/Library/Application Support/MiKTeX/texmfs/install/tex
/latex/epstopdf-pkg/epstopdf-base.sty"
Package: epstopdf-base 2020-01-24 v2.11 Base part for package epstopdf
Package epstopdf-base Info: Redefining graphics rule for `.eps' on input line 4
85.

("/Users/thomasbroadwater/Library/Application Support/MiKTeX/texmfs/install/tex
/latex/00miktex/epstopdf-sys.cfg"
File: epstopdf-sys.cfg 2021/03/18 v2.0 Configuration of epstopdf for MiKTeX
)) (GreatFlood-concordance.tex)
LaTeX Font Info:    External font `cmex10' loaded for size
(Font)              <12> on input line 16.
LaTeX Font Info:    External font `cmex10' loaded for size
(Font)              <8> on input line 16.
LaTeX Font Info:    External font `cmex10' loaded for size
(Font)              <6> on input line 16.
LaTeX Font Info:    Trying to load font information for TS1+aer on input line 1
6.

(/Library/Frameworks/R.framework/Resources/share/texmf/tex/latex/ts1aer.fd
File: ts1aer.fd 
)
LaTeX Font Info:    Font shape `TS1/aer/m/n' in size <8> not available
(Font)              Font shape `TS1/cmr/m/n' tried instead on input line 16.
LaTeX Font Info:    Font shape `TS1/aer/m/n' in size <10> not available
(Font)              Font shape `TS1/cmr/m/n' tried instead on input line 16.

[1

{/Users/thomasbroadwater/Library/Application Support/MiKTeX/texmfs/data/pdftex/
config/pdftex.map}] (Sections/Methodology.Rnw) [1

] (GreatFlood.aux) ) 
Here is how much of TeX's memory you used:
 2949 strings out of 480832
 47881 string characters out of 2900232
 637813 words of memory out of 3000000
 20530 multiletter control sequences out of 15000+600000
 416189 words of font info for 51 fonts, out of 8000000 for 9000
 14 hyphenation exceptions out of 8191
 72i,5n,80p,217b,266s stack positions out of 5000i,500n,10000p,200000b,80000s
 </Users/thomasbroadwater/Library/Application Support/MiKTe
X/texmfs/data/fonts/pk/ljfour/jknappen/ec/dpi600/tcrm1000.pk> </Users/thomasbro
adwater/Library/Application Support/MiKTeX/texmfs/data/fonts/pk/ljfour/jknappen
/ec/dpi600/tcrm0800.pk></Users/thomasbroadwater/Library/Application Support/MiK
TeX/texmfs/install/fonts/type1/public/amsfonts/cm/cmb10.pfb></Users/thomasbroad
water/Library/Application Support/MiKTeX/texmfs/install/fonts/type1/public/amsf
onts/cm/cmr10.pfb></Users/thomasbroadwater/Library/Application Support/MiKTeX/t
exmfs/install/fonts/type1/public/amsfonts/cm/cmr12.pfb>
Output written on GreatFlood.pdf (2 pages, 44559 bytes).
PDF statistics:
 35 PDF objects out of 1000 (max. 8388607)
 0 named destinations out of 1000 (max. 500000)
 5 words of extra memory for PDF output out of 10000 (max. 10000000)

