This is pdfTeX, Version 3.14159265-2.6-1.40.21 (MiKTeX 20.12) (preloaded format=pdflatex 2021.9.5)  27 APR 2022 15:47
entering extended mode
**./GreatSlideshow.tex
(GreatSlideshow.tex
LaTeX2e <2021-06-01> patch level 1
L3 programming layer <2021-08-27>
("/Users/thomasbroadwater/Library/Application Support/MiKTeX/texmfs/install/tex
/latex/beamer/beamer.cls"
Document Class: beamer 2021/05/26 v3.63 A class for typesetting presentations

("/Users/thomasbroadwater/Library/Application Support/MiKTeX/texmfs/install/tex
/latex/beamer/beamerbasemodes.sty"
("/Users/thomasbroadwater/Library/Application Support/MiKTeX/texmfs/install/tex
/latex/etoolbox/etoolbox.sty"
Package: etoolbox 2020/10/05 v2.5k e-TeX tools for LaTeX (JAW)
\etb@tempcnta=\count182
)
\beamer@tempbox=\box50
\beamer@tempcount=\count183
\c@beamerpauses=\count184

("/Users/thomasbroadwater/Library/Application Support/MiKTeX/texmfs/install/tex
/latex/beamer/beamerbasedecode.sty"
\beamer@slideinframe=\count185
\beamer@minimum=\count186
\beamer@decode@box=\box51
)
\beamer@commentbox=\box52
\beamer@modecount=\count187
)
("/Users/thomasbroadwater/Library/Application Support/MiKTeX/texmfs/install/tex
/generic/iftex/ifpdf.sty"
Package: ifpdf 2019/10/25 v3.4 ifpdf legacy package. Use iftex instead.

("/Users/thomasbroadwater/Library/Application Support/MiKTeX/texmfs/install/tex
/generic/iftex/iftex.sty"
Package: iftex 2020/03/06 v1.0d TeX engine tests
))
\headdp=\dimen138
\footheight=\dimen139
\sidebarheight=\dimen140
\beamer@tempdim=\dimen141
\beamer@finalheight=\dimen142
\beamer@animht=\dimen143
\beamer@animdp=\dimen144
\beamer@animwd=\dimen145
\beamer@leftmargin=\dimen146
\beamer@rightmargin=\dimen147
\beamer@leftsidebar=\dimen148
\beamer@rightsidebar=\dimen149
\beamer@boxsize=\dimen150
\beamer@vboxoffset=\dimen151
\beamer@descdefault=\dimen152
\beamer@descriptionwidth=\dimen153
\beamer@lastskip=\skip47
\beamer@areabox=\box53
\beamer@animcurrent=\box54
\beamer@animshowbox=\box55
\beamer@sectionbox=\box56
\beamer@logobox=\box57
\beamer@linebox=\box58
\beamer@sectioncount=\count188
\beamer@subsubsectionmax=\count189
\beamer@subsectionmax=\count190
\beamer@sectionmax=\count191
\beamer@totalheads=\count192
\beamer@headcounter=\count193
\beamer@partstartpage=\count194
\beamer@sectionstartpage=\count195
\beamer@subsectionstartpage=\count196
\beamer@animationtempa=\count197
\beamer@animationtempb=\count198
\beamer@xpos=\count199
\beamer@ypos=\count266
\beamer@ypos@offset=\count267
\beamer@showpartnumber=\count268
\beamer@currentsubsection=\count269
\beamer@coveringdepth=\count270
\beamer@sectionadjust=\count271
\beamer@toclastsection=\count272
\beamer@tocsectionnumber=\count273

("/Users/thomasbroadwater/Library/Application Support/MiKTeX/texmfs/install/tex
/latex/beamer/beamerbaseoptions.sty"
("/Users/thomasbroadwater/Library/Application Support/MiKTeX/texmfs/install/tex
/latex/graphics/keyval.sty"
Package: keyval 2014/10/28 v1.15 key=value parser (DPC)
\KV@toks@=\toks16
))
\beamer@paperwidth=\skip48
\beamer@paperheight=\skip49

("/Users/thomasbroadwater/Library/Application Support/MiKTeX/texmfs/install/tex
/latex/geometry/geometry.sty"
Package: geometry 2020/01/02 v5.9 Page Geometry

("/Users/thomasbroadwater/Library/Application Support/MiKTeX/texmfs/install/tex
/generic/iftex/ifvtex.sty"
Package: ifvtex 2019/10/25 v1.7 ifvtex legacy package. Use iftex instead.
)
\Gm@cnth=\count274
\Gm@cntv=\count275
\c@Gm@tempcnt=\count276
\Gm@bindingoffset=\dimen154
\Gm@wd@mp=\dimen155
\Gm@odd@mp=\dimen156
\Gm@even@mp=\dimen157
\Gm@layoutwidth=\dimen158
\Gm@layoutheight=\dimen159
\Gm@layouthoffset=\dimen160
\Gm@layoutvoffset=\dimen161
\Gm@dimlist=\toks17

("/Users/thomasbroadwater/Library/Application Support/MiKTeX/texmfs/install/tex
/latex/geometry/geometry.cfg"))
("/Users/thomasbroadwater/Library/Application Support/MiKTeX/texmfs/install/tex
/latex/base/size11.clo"
File: size11.clo 2021/02/12 v1.4n Standard LaTeX file (size option)
)
("/Users/thomasbroadwater/Library/Application Support/MiKTeX/texmfs/install/tex
/latex/pgf/basiclayer/pgfcore.sty"
("/Users/thomasbroadwater/Library/Application Support/MiKTeX/texmfs/install/tex
/latex/graphics/graphicx.sty"
Package: graphicx 2020/12/05 v1.2c Enhanced LaTeX Graphics (DPC,SPQR)

("/Users/thomasbroadwater/Library/Application Support/MiKTeX/texmfs/install/tex
/latex/graphics/graphics.sty"
Package: graphics 2021/03/04 v1.4d Standard LaTeX Graphics (DPC,SPQR)

("/Users/thomasbroadwater/Library/Application Support/MiKTeX/texmfs/install/tex
/latex/graphics/trig.sty"
Package: trig 2016/01/03 v1.10 sin cos tan (DPC)
)
("/Users/thomasbroadwater/Library/Application Support/MiKTeX/texmfs/install/tex
/latex/graphics-cfg/graphics.cfg"
File: graphics.cfg 2016/06/04 v1.11 sample graphics configuration
)
Package graphics Info: Driver file: pdftex.def on input line 107.

("/Users/thomasbroadwater/Library/Application Support/MiKTeX/texmfs/install/tex
/latex/graphics-def/pdftex.def"
File: pdftex.def 2020/10/05 v1.2a Graphics/color driver for pdftex
))
\Gin@req@height=\dimen162
\Gin@req@width=\dimen163
)
("/Users/thomasbroadwater/Library/Application Support/MiKTeX/texmfs/install/tex
/latex/pgf/systemlayer/pgfsys.sty"
("/Users/thomasbroadwater/Library/Application Support/MiKTeX/texmfs/install/tex
/latex/pgf/utilities/pgfrcs.sty"
("/Users/thomasbroadwater/Library/Application Support/MiKTeX/texmfs/install/tex
/generic/pgf/utilities/pgfutil-common.tex"
\pgfutil@everybye=\toks18
\pgfutil@tempdima=\dimen164
\pgfutil@tempdimb=\dimen165

("/Users/thomasbroadwater/Library/Application Support/MiKTeX/texmfs/install/tex
/generic/pgf/utilities/pgfutil-common-lists.tex"))
("/Users/thomasbroadwater/Library/Application Support/MiKTeX/texmfs/install/tex
/generic/pgf/utilities/pgfutil-latex.def"
\pgfutil@abb=\box59
)
("/Users/thomasbroadwater/Library/Application Support/MiKTeX/texmfs/install/tex
/generic/pgf/utilities/pgfrcs.code.tex"
("/Users/thomasbroadwater/Library/Application Support/MiKTeX/texmfs/install/tex
/generic/pgf/pgf.revision.tex")
Package: pgfrcs 2021/05/15 v3.1.9a (3.1.9a)
))
("/Users/thomasbroadwater/Library/Application Support/MiKTeX/texmfs/install/tex
/generic/pgf/systemlayer/pgfsys.code.tex"
Package: pgfsys 2021/05/15 v3.1.9a (3.1.9a)

("/Users/thomasbroadwater/Library/Application Support/MiKTeX/texmfs/install/tex
/generic/pgf/utilities/pgfkeys.code.tex"
\pgfkeys@pathtoks=\toks19
\pgfkeys@temptoks=\toks20

("/Users/thomasbroadwater/Library/Application Support/MiKTeX/texmfs/install/tex
/generic/pgf/utilities/pgfkeysfiltered.code.tex"
\pgfkeys@tmptoks=\toks21
))
\pgf@x=\dimen166
\pgf@y=\dimen167
\pgf@xa=\dimen168
\pgf@ya=\dimen169
\pgf@xb=\dimen170
\pgf@yb=\dimen171
\pgf@xc=\dimen172
\pgf@yc=\dimen173
\pgf@xd=\dimen174
\pgf@yd=\dimen175
\w@pgf@writea=\write3
\r@pgf@reada=\read2
\c@pgf@counta=\count277
\c@pgf@countb=\count278
\c@pgf@countc=\count279
\c@pgf@countd=\count280
\t@pgf@toka=\toks22
\t@pgf@tokb=\toks23
\t@pgf@tokc=\toks24
\pgf@sys@id@count=\count281

("/Users/thomasbroadwater/Library/Application Support/MiKTeX/texmfs/install/tex
/generic/pgf/systemlayer/pgf.cfg"
File: pgf.cfg 2021/05/15 v3.1.9a (3.1.9a)
)
Driver file for pgf: pgfsys-pdftex.def

("/Users/thomasbroadwater/Library/Application Support/MiKTeX/texmfs/install/tex
/generic/pgf/systemlayer/pgfsys-pdftex.def"
File: pgfsys-pdftex.def 2021/05/15 v3.1.9a (3.1.9a)

("/Users/thomasbroadwater/Library/Application Support/MiKTeX/texmfs/install/tex
/generic/pgf/systemlayer/pgfsys-common-pdf.def"
File: pgfsys-common-pdf.def 2021/05/15 v3.1.9a (3.1.9a)
)))
("/Users/thomasbroadwater/Library/Application Support/MiKTeX/texmfs/install/tex
/generic/pgf/systemlayer/pgfsyssoftpath.code.tex"
File: pgfsyssoftpath.code.tex 2021/05/15 v3.1.9a (3.1.9a)
\pgfsyssoftpath@smallbuffer@items=\count282
\pgfsyssoftpath@bigbuffer@items=\count283
)
("/Users/thomasbroadwater/Library/Application Support/MiKTeX/texmfs/install/tex
/generic/pgf/systemlayer/pgfsysprotocol.code.tex"
File: pgfsysprotocol.code.tex 2021/05/15 v3.1.9a (3.1.9a)
))
("/Users/thomasbroadwater/Library/Application Support/MiKTeX/texmfs/install/tex
/latex/xcolor/xcolor.sty"
Package: xcolor 2016/05/11 v2.12 LaTeX color extensions (UK)

("/Users/thomasbroadwater/Library/Application Support/MiKTeX/texmfs/install/tex
/latex/graphics-cfg/color.cfg"
File: color.cfg 2016/01/02 v1.6 sample color configuration
)
Package xcolor Info: Driver file: pdftex.def on input line 225.
Package xcolor Info: Model `cmy' substituted by `cmy0' on input line 1348.
Package xcolor Info: Model `hsb' substituted by `rgb' on input line 1352.
Package xcolor Info: Model `RGB' extended on input line 1364.
Package xcolor Info: Model `HTML' substituted by `rgb' on input line 1366.
Package xcolor Info: Model `Hsb' substituted by `hsb' on input line 1367.
Package xcolor Info: Model `tHsb' substituted by `hsb' on input line 1368.
Package xcolor Info: Model `HSB' substituted by `hsb' on input line 1369.
Package xcolor Info: Model `Gray' substituted by `gray' on input line 1370.
Package xcolor Info: Model `wave' substituted by `hsb' on input line 1371.
)
("/Users/thomasbroadwater/Library/Application Support/MiKTeX/texmfs/install/tex
/generic/pgf/basiclayer/pgfcore.code.tex"
Package: pgfcore 2021/05/15 v3.1.9a (3.1.9a)

("/Users/thomasbroadwater/Library/Application Support/MiKTeX/texmfs/install/tex
/generic/pgf/math/pgfmath.code.tex"
("/Users/thomasbroadwater/Library/Application Support/MiKTeX/texmfs/install/tex
/generic/pgf/math/pgfmathcalc.code.tex"
("/Users/thomasbroadwater/Library/Application Support/MiKTeX/texmfs/install/tex
/generic/pgf/math/pgfmathutil.code.tex")
("/Users/thomasbroadwater/Library/Application Support/MiKTeX/texmfs/install/tex
/generic/pgf/math/pgfmathparser.code.tex"
\pgfmath@dimen=\dimen176
\pgfmath@count=\count284
\pgfmath@box=\box60
\pgfmath@toks=\toks25
\pgfmath@stack@operand=\toks26
\pgfmath@stack@operation=\toks27
)
("/Users/thomasbroadwater/Library/Application Support/MiKTeX/texmfs/install/tex
/generic/pgf/math/pgfmathfunctions.code.tex"
("/Users/thomasbroadwater/Library/Application Support/MiKTeX/texmfs/install/tex
/generic/pgf/math/pgfmathfunctions.basic.code.tex")
("/Users/thomasbroadwater/Library/Application Support/MiKTeX/texmfs/install/tex
/generic/pgf/math/pgfmathfunctions.trigonometric.code.tex")
("/Users/thomasbroadwater/Library/Application Support/MiKTeX/texmfs/install/tex
/generic/pgf/math/pgfmathfunctions.random.code.tex")
("/Users/thomasbroadwater/Library/Application Support/MiKTeX/texmfs/install/tex
/generic/pgf/math/pgfmathfunctions.comparison.code.tex")
("/Users/thomasbroadwater/Library/Application Support/MiKTeX/texmfs/install/tex
/generic/pgf/math/pgfmathfunctions.base.code.tex")
("/Users/thomasbroadwater/Library/Application Support/MiKTeX/texmfs/install/tex
/generic/pgf/math/pgfmathfunctions.round.code.tex")
("/Users/thomasbroadwater/Library/Application Support/MiKTeX/texmfs/install/tex
/generic/pgf/math/pgfmathfunctions.misc.code.tex")
("/Users/thomasbroadwater/Library/Application Support/MiKTeX/texmfs/install/tex
/generic/pgf/math/pgfmathfunctions.integerarithmetics.code.tex")))
("/Users/thomasbroadwater/Library/Application Support/MiKTeX/texmfs/install/tex
/generic/pgf/math/pgfmathfloat.code.tex"
\c@pgfmathroundto@lastzeros=\count285
))
("/Users/thomasbroadwater/Library/Application Support/MiKTeX/texmfs/install/tex
/generic/pgf/math/pgfint.code.tex")
("/Users/thomasbroadwater/Library/Application Support/MiKTeX/texmfs/install/tex
/generic/pgf/basiclayer/pgfcorepoints.code.tex"
File: pgfcorepoints.code.tex 2021/05/15 v3.1.9a (3.1.9a)
\pgf@picminx=\dimen177
\pgf@picmaxx=\dimen178
\pgf@picminy=\dimen179
\pgf@picmaxy=\dimen180
\pgf@pathminx=\dimen181
\pgf@pathmaxx=\dimen182
\pgf@pathminy=\dimen183
\pgf@pathmaxy=\dimen184
\pgf@xx=\dimen185
\pgf@xy=\dimen186
\pgf@yx=\dimen187
\pgf@yy=\dimen188
\pgf@zx=\dimen189
\pgf@zy=\dimen190
)
("/Users/thomasbroadwater/Library/Application Support/MiKTeX/texmfs/install/tex
/generic/pgf/basiclayer/pgfcorepathconstruct.code.tex"
File: pgfcorepathconstruct.code.tex 2021/05/15 v3.1.9a (3.1.9a)
\pgf@path@lastx=\dimen191
\pgf@path@lasty=\dimen192
)
("/Users/thomasbroadwater/Library/Application Support/MiKTeX/texmfs/install/tex
/generic/pgf/basiclayer/pgfcorepathusage.code.tex"
File: pgfcorepathusage.code.tex 2021/05/15 v3.1.9a (3.1.9a)
\pgf@shorten@end@additional=\dimen193
\pgf@shorten@start@additional=\dimen194
)
("/Users/thomasbroadwater/Library/Application Support/MiKTeX/texmfs/install/tex
/generic/pgf/basiclayer/pgfcorescopes.code.tex"
File: pgfcorescopes.code.tex 2021/05/15 v3.1.9a (3.1.9a)
\pgfpic=\box61
\pgf@hbox=\box62
\pgf@layerbox@main=\box63
\pgf@picture@serial@count=\count286
)
("/Users/thomasbroadwater/Library/Application Support/MiKTeX/texmfs/install/tex
/generic/pgf/basiclayer/pgfcoregraphicstate.code.tex"
File: pgfcoregraphicstate.code.tex 2021/05/15 v3.1.9a (3.1.9a)
\pgflinewidth=\dimen195
)
("/Users/thomasbroadwater/Library/Application Support/MiKTeX/texmfs/install/tex
/generic/pgf/basiclayer/pgfcoretransformations.code.tex"
File: pgfcoretransformations.code.tex 2021/05/15 v3.1.9a (3.1.9a)
\pgf@pt@x=\dimen196
\pgf@pt@y=\dimen197
\pgf@pt@temp=\dimen198
)
("/Users/thomasbroadwater/Library/Application Support/MiKTeX/texmfs/install/tex
/generic/pgf/basiclayer/pgfcorequick.code.tex"
File: pgfcorequick.code.tex 2021/05/15 v3.1.9a (3.1.9a)
)
("/Users/thomasbroadwater/Library/Application Support/MiKTeX/texmfs/install/tex
/generic/pgf/basiclayer/pgfcoreobjects.code.tex"
File: pgfcoreobjects.code.tex 2021/05/15 v3.1.9a (3.1.9a)
)
("/Users/thomasbroadwater/Library/Application Support/MiKTeX/texmfs/install/tex
/generic/pgf/basiclayer/pgfcorepathprocessing.code.tex"
File: pgfcorepathprocessing.code.tex 2021/05/15 v3.1.9a (3.1.9a)
)
("/Users/thomasbroadwater/Library/Application Support/MiKTeX/texmfs/install/tex
/generic/pgf/basiclayer/pgfcorearrows.code.tex"
File: pgfcorearrows.code.tex 2021/05/15 v3.1.9a (3.1.9a)
\pgfarrowsep=\dimen199
)
("/Users/thomasbroadwater/Library/Application Support/MiKTeX/texmfs/install/tex
/generic/pgf/basiclayer/pgfcoreshade.code.tex"
File: pgfcoreshade.code.tex 2021/05/15 v3.1.9a (3.1.9a)
\pgf@max=\dimen256
\pgf@sys@shading@range@num=\count287
\pgf@shadingcount=\count288
)
("/Users/thomasbroadwater/Library/Application Support/MiKTeX/texmfs/install/tex
/generic/pgf/basiclayer/pgfcoreimage.code.tex"
File: pgfcoreimage.code.tex 2021/05/15 v3.1.9a (3.1.9a)

("/Users/thomasbroadwater/Library/Application Support/MiKTeX/texmfs/install/tex
/generic/pgf/basiclayer/pgfcoreexternal.code.tex"
File: pgfcoreexternal.code.tex 2021/05/15 v3.1.9a (3.1.9a)
\pgfexternal@startupbox=\box64
))
("/Users/thomasbroadwater/Library/Application Support/MiKTeX/texmfs/install/tex
/generic/pgf/basiclayer/pgfcorelayers.code.tex"
File: pgfcorelayers.code.tex 2021/05/15 v3.1.9a (3.1.9a)
)
("/Users/thomasbroadwater/Library/Application Support/MiKTeX/texmfs/install/tex
/generic/pgf/basiclayer/pgfcoretransparency.code.tex"
File: pgfcoretransparency.code.tex 2021/05/15 v3.1.9a (3.1.9a)
)
("/Users/thomasbroadwater/Library/Application Support/MiKTeX/texmfs/install/tex
/generic/pgf/basiclayer/pgfcorepatterns.code.tex"
File: pgfcorepatterns.code.tex 2021/05/15 v3.1.9a (3.1.9a)
)
("/Users/thomasbroadwater/Library/Application Support/MiKTeX/texmfs/install/tex
/generic/pgf/basiclayer/pgfcorerdf.code.tex"
File: pgfcorerdf.code.tex 2021/05/15 v3.1.9a (3.1.9a)
)))
("/Users/thomasbroadwater/Library/Application Support/MiKTeX/texmfs/install/tex
/latex/pgf/utilities/xxcolor.sty"
Package: xxcolor 2003/10/24 ver 0.1
\XC@nummixins=\count289
\XC@countmixins=\count290
)
("/Users/thomasbroadwater/Library/Application Support/MiKTeX/texmfs/install/tex
/latex/base/atbegshi-ltx.sty"
Package: atbegshi-ltx 2021/01/10 v1.0c Emulation of the original atbegshi
package with kernel methods
)
("/Users/thomasbroadwater/Library/Application Support/MiKTeX/texmfs/install/tex
/latex/hyperref/hyperref.sty"
Package: hyperref 2021-06-07 v7.00m Hypertext links for LaTeX

("/Users/thomasbroadwater/Library/Application Support/MiKTeX/texmfs/install/tex
/generic/ltxcmds/ltxcmds.sty"
Package: ltxcmds 2020-05-10 v1.25 LaTeX kernel commands for general use (HO)
)
("/Users/thomasbroadwater/Library/Application Support/MiKTeX/texmfs/install/tex
/generic/pdftexcmds/pdftexcmds.sty"
Package: pdftexcmds 2020-06-27 v0.33 Utility functions of pdfTeX for LuaTeX (HO
)

("/Users/thomasbroadwater/Library/Application Support/MiKTeX/texmfs/install/tex
/generic/infwarerr/infwarerr.sty"
Package: infwarerr 2019/12/03 v1.5 Providing info/warning/error messages (HO)
)
Package pdftexcmds Info: \pdf@primitive is available.
Package pdftexcmds Info: \pdf@ifprimitive is available.
Package pdftexcmds Info: \pdfdraftmode found.
)
("/Users/thomasbroadwater/Library/Application Support/MiKTeX/texmfs/install/tex
/generic/kvsetkeys/kvsetkeys.sty"
Package: kvsetkeys 2019/12/15 v1.18 Key value parser (HO)
)
("/Users/thomasbroadwater/Library/Application Support/MiKTeX/texmfs/install/tex
/generic/kvdefinekeys/kvdefinekeys.sty"
Package: kvdefinekeys 2019-12-19 v1.6 Define keys (HO)
)
("/Users/thomasbroadwater/Library/Application Support/MiKTeX/texmfs/install/tex
/generic/pdfescape/pdfescape.sty"
Package: pdfescape 2019/12/09 v1.15 Implements pdfTeX's escape features (HO)
)
("/Users/thomasbroadwater/Library/Application Support/MiKTeX/texmfs/install/tex
/latex/hycolor/hycolor.sty"
Package: hycolor 2020-01-27 v1.10 Color options for hyperref/bookmark (HO)
)
("/Users/thomasbroadwater/Library/Application Support/MiKTeX/texmfs/install/tex
/latex/letltxmacro/letltxmacro.sty"
Package: letltxmacro 2019/12/03 v1.6 Let assignment for LaTeX macros (HO)
)
("/Users/thomasbroadwater/Library/Application Support/MiKTeX/texmfs/install/tex
/latex/auxhook/auxhook.sty"
Package: auxhook 2019-12-17 v1.6 Hooks for auxiliary files (HO)
)
("/Users/thomasbroadwater/Library/Application Support/MiKTeX/texmfs/install/tex
/latex/kvoptions/kvoptions.sty"
Package: kvoptions 2020-10-07 v3.14 Key value format for package options (HO)
)
\@linkdim=\dimen257
\Hy@linkcounter=\count291
\Hy@pagecounter=\count292

("/Users/thomasbroadwater/Library/Application Support/MiKTeX/texmfs/install/tex
/latex/hyperref/pd1enc.def"
File: pd1enc.def 2021-06-07 v7.00m Hyperref: PDFDocEncoding definition (HO)
Now handling font encoding PD1 ...
... no UTF-8 mapping file for font encoding PD1
)
("/Users/thomasbroadwater/Library/Application Support/MiKTeX/texmfs/install/tex
/latex/hyperref/hyperref-langpatches.def"
File: hyperref-langpatches.def 2021-06-07 v7.00m Hyperref: patches for babel la
nguages
)
("/Users/thomasbroadwater/Library/Application Support/MiKTeX/texmfs/install/tex
/generic/intcalc/intcalc.sty"
Package: intcalc 2019/12/15 v1.3 Expandable calculations with integers (HO)
)
("/Users/thomasbroadwater/Library/Application Support/MiKTeX/texmfs/install/tex
/generic/etexcmds/etexcmds.sty"
Package: etexcmds 2019/12/15 v1.7 Avoid name clashes with e-TeX commands (HO)
)
\Hy@SavedSpaceFactor=\count293

("/Users/thomasbroadwater/Library/Application Support/MiKTeX/texmfs/install/tex
/latex/hyperref/puenc.def"
File: puenc.def 2021-06-07 v7.00m Hyperref: PDF Unicode definition (HO)
Now handling font encoding PU ...
... no UTF-8 mapping file for font encoding PU
)
Package hyperref Info: Option `bookmarks' set `true' on input line 4073.
Package hyperref Info: Option `bookmarksopen' set `true' on input line 4073.
Package hyperref Info: Option `implicit' set `false' on input line 4073.
Package hyperref Info: Hyper figures OFF on input line 4192.
Package hyperref Info: Link nesting OFF on input line 4197.
Package hyperref Info: Hyper index ON on input line 4200.
Package hyperref Info: Plain pages OFF on input line 4207.
Package hyperref Info: Backreferencing OFF on input line 4212.
Package hyperref Info: Implicit mode OFF; no redefinition of LaTeX internals.
Package hyperref Info: Bookmarks ON on input line 4445.
\c@Hy@tempcnt=\count294

("/Users/thomasbroadwater/Library/Application Support/MiKTeX/texmfs/install/tex
/latex/url/url.sty"
\Urlmuskip=\muskip16
Package: url 2013/09/16  ver 3.4  Verb mode for urls, etc.
)
LaTeX Info: Redefining \url on input line 4804.
\XeTeXLinkMargin=\dimen258

("/Users/thomasbroadwater/Library/Application Support/MiKTeX/texmfs/install/tex
/generic/bitset/bitset.sty"
Package: bitset 2019/12/09 v1.3 Handle bit-vector datatype (HO)

("/Users/thomasbroadwater/Library/Application Support/MiKTeX/texmfs/install/tex
/generic/bigintcalc/bigintcalc.sty"
Package: bigintcalc 2019/12/15 v1.5 Expandable calculations on big integers (HO
)
))
\Fld@menulength=\count295
\Field@Width=\dimen259
\Fld@charsize=\dimen260
Package hyperref Info: Hyper figures OFF on input line 6076.
Package hyperref Info: Link nesting OFF on input line 6081.
Package hyperref Info: Hyper index ON on input line 6084.
Package hyperref Info: backreferencing OFF on input line 6091.
Package hyperref Info: Link coloring OFF on input line 6096.
Package hyperref Info: Link coloring with OCG OFF on input line 6101.
Package hyperref Info: PDF/A mode OFF on input line 6106.
LaTeX Info: Redefining \ref on input line 6146.
LaTeX Info: Redefining \pageref on input line 6150.
\Hy@abspage=\count296


Package hyperref Message: Stopped early.

)
Package hyperref Info: Driver (autodetected): hpdftex.

("/Users/thomasbroadwater/Library/Application Support/MiKTeX/texmfs/install/tex
/latex/hyperref/hpdftex.def"
File: hpdftex.def 2021-06-07 v7.00m Hyperref driver for pdfTeX

("/Users/thomasbroadwater/Library/Application Support/MiKTeX/texmfs/install/tex
/latex/base/atveryend-ltx.sty"
Package: atveryend-ltx 2020/08/19 v1.0a Emulation of the original atvery packag
e
with kernel methods
)
\Fld@listcount=\count297
\c@bookmark@seq@number=\count298

("/Users/thomasbroadwater/Library/Application Support/MiKTeX/texmfs/install/tex
/latex/rerunfilecheck/rerunfilecheck.sty"
Package: rerunfilecheck 2019/12/05 v1.9 Rerun checks for auxiliary files (HO)

("/Users/thomasbroadwater/Library/Application Support/MiKTeX/texmfs/install/tex
/generic/uniquecounter/uniquecounter.sty"
Package: uniquecounter 2019/12/15 v1.4 Provide unlimited unique counter (HO)
)
Package uniquecounter Info: New unique counter `rerunfilecheck' on input line 2
86.
))
("/Users/thomasbroadwater/Library/Application Support/MiKTeX/texmfs/install/tex
/latex/beamer/beamerbaserequires.sty"
("/Users/thomasbroadwater/Library/Application Support/MiKTeX/texmfs/install/tex
/latex/beamer/beamerbasecompatibility.sty")
("/Users/thomasbroadwater/Library/Application Support/MiKTeX/texmfs/install/tex
/latex/beamer/beamerbasefont.sty"
("/Users/thomasbroadwater/Library/Application Support/MiKTeX/texmfs/install/tex
/latex/amsfonts/amssymb.sty"
Package: amssymb 2013/01/14 v3.01 AMS font symbols

("/Users/thomasbroadwater/Library/Application Support/MiKTeX/texmfs/install/tex
/latex/amsfonts/amsfonts.sty"
Package: amsfonts 2013/01/14 v3.01 Basic AMSFonts support
\@emptytoks=\toks28
\symAMSa=\mathgroup4
\symAMSb=\mathgroup5
LaTeX Font Info:    Redeclaring math symbol \hbar on input line 98.
LaTeX Font Info:    Overwriting math alphabet `\mathfrak' in version `bold'
(Font)                  U/euf/m/n --> U/euf/b/n on input line 106.
))
("/Users/thomasbroadwater/Library/Application Support/MiKTeX/texmfs/install/tex
/latex/sansmathaccent/sansmathaccent.sty"
Package: sansmathaccent 2020/01/31

("/Users/thomasbroadwater/Library/Application Support/MiKTeX/texmfs/install/tex
/latex/koma-script/scrlfile.sty"
Package: scrlfile 2021/06/25 v3.34 KOMA-Script package (file load hooks)

("/Users/thomasbroadwater/Library/Application Support/MiKTeX/texmfs/install/tex
/latex/koma-script/scrlfile-hook.sty"
Package: scrlfile-hook 2021/06/25 v3.34 KOMA-Script package (using LaTeX hooks)


("/Users/thomasbroadwater/Library/Application Support/MiKTeX/texmfs/install/tex
/latex/koma-script/scrlogo.sty"
Package: scrlogo 2021/06/25 v3.34 KOMA-Script package (logo)
)))))
("/Users/thomasbroadwater/Library/Application Support/MiKTeX/texmfs/install/tex
/latex/beamer/beamerbasetranslator.sty"
("/Users/thomasbroadwater/Library/Application Support/MiKTeX/texmfs/install/tex
/latex/translator/translator.sty"
Package: translator 2021-05-31 v1.12d Easy translation of strings in LaTeX
))
("/Users/thomasbroadwater/Library/Application Support/MiKTeX/texmfs/install/tex
/latex/beamer/beamerbasemisc.sty")
("/Users/thomasbroadwater/Library/Application Support/MiKTeX/texmfs/install/tex
/latex/beamer/beamerbasetwoscreens.sty")
("/Users/thomasbroadwater/Library/Application Support/MiKTeX/texmfs/install/tex
/latex/beamer/beamerbaseoverlay.sty"
\beamer@argscount=\count299
\beamer@lastskipcover=\skip50
\beamer@trivlistdepth=\count300
)
("/Users/thomasbroadwater/Library/Application Support/MiKTeX/texmfs/install/tex
/latex/beamer/beamerbasetitle.sty")
("/Users/thomasbroadwater/Library/Application Support/MiKTeX/texmfs/install/tex
/latex/beamer/beamerbasesection.sty"
\c@lecture=\count301
\c@part=\count302
\c@section=\count303
\c@subsection=\count304
\c@subsubsection=\count305
)
("/Users/thomasbroadwater/Library/Application Support/MiKTeX/texmfs/install/tex
/latex/beamer/beamerbaseframe.sty"
\beamer@framebox=\box65
\beamer@frametitlebox=\box66
\beamer@zoombox=\box67
\beamer@zoomcount=\count306
\beamer@zoomframecount=\count307
\beamer@frametextheight=\dimen261
\c@subsectionslide=\count308
\beamer@frametopskip=\skip51
\beamer@framebottomskip=\skip52
\beamer@frametopskipautobreak=\skip53
\beamer@framebottomskipautobreak=\skip54
\beamer@envbody=\toks29
\framewidth=\dimen262
\c@framenumber=\count309
)
("/Users/thomasbroadwater/Library/Application Support/MiKTeX/texmfs/install/tex
/latex/beamer/beamerbaseverbatim.sty"
\beamer@verbatimfileout=\write4
)
("/Users/thomasbroadwater/Library/Application Support/MiKTeX/texmfs/install/tex
/latex/beamer/beamerbaseframesize.sty"
\beamer@splitbox=\box68
\beamer@autobreakcount=\count310
\beamer@autobreaklastheight=\dimen263
\beamer@frametitletoks=\toks30
\beamer@framesubtitletoks=\toks31
)
("/Users/thomasbroadwater/Library/Application Support/MiKTeX/texmfs/install/tex
/latex/beamer/beamerbaseframecomponents.sty"
\beamer@footins=\box69
)
("/Users/thomasbroadwater/Library/Application Support/MiKTeX/texmfs/install/tex
/latex/beamer/beamerbasecolor.sty")
("/Users/thomasbroadwater/Library/Application Support/MiKTeX/texmfs/install/tex
/latex/beamer/beamerbasenotes.sty"
\beamer@frameboxcopy=\box70
)
("/Users/thomasbroadwater/Library/Application Support/MiKTeX/texmfs/install/tex
/latex/beamer/beamerbasetoc.sty")
("/Users/thomasbroadwater/Library/Application Support/MiKTeX/texmfs/install/tex
/latex/beamer/beamerbasetemplates.sty"
\beamer@sbttoks=\toks32

("/Users/thomasbroadwater/Library/Application Support/MiKTeX/texmfs/install/tex
/latex/beamer/beamerbaseauxtemplates.sty"
("/Users/thomasbroadwater/Library/Application Support/MiKTeX/texmfs/install/tex
/latex/beamer/beamerbaseboxes.sty"
\bmb@box=\box71
\bmb@colorbox=\box72
\bmb@boxwidth=\dimen264
\bmb@boxheight=\dimen265
\bmb@prevheight=\dimen266
\bmb@temp=\dimen267
\bmb@dima=\dimen268
\bmb@dimb=\dimen269
\bmb@prevheight=\dimen270
)
\beamer@blockheadheight=\dimen271
))
("/Users/thomasbroadwater/Library/Application Support/MiKTeX/texmfs/install/tex
/latex/beamer/beamerbaselocalstructure.sty"
("/Users/thomasbroadwater/Library/Application Support/MiKTeX/texmfs/install/tex
/latex/tools/enumerate.sty"
Package: enumerate 2015/07/23 v3.00 enumerate extensions (DPC)
\@enLab=\toks33
)
\beamer@bibiconwidth=\skip55
\c@figure=\count311
\c@table=\count312
\abovecaptionskip=\skip56
\belowcaptionskip=\skip57
)
("/Users/thomasbroadwater/Library/Application Support/MiKTeX/texmfs/install/tex
/latex/beamer/beamerbasenavigation.sty"
\beamer@section@min@dim=\dimen272
)
("/Users/thomasbroadwater/Library/Application Support/MiKTeX/texmfs/install/tex
/latex/beamer/beamerbasetheorems.sty"
("/Users/thomasbroadwater/Library/Application Support/MiKTeX/texmfs/install/tex
/latex/amsmath/amsmath.sty"
Package: amsmath 2021/04/20 v2.17j AMS math features
\@mathmargin=\skip58

For additional information on amsmath, use the `?' option.

("/Users/thomasbroadwater/Library/Application Support/MiKTeX/texmfs/install/tex
/latex/amsmath/amstext.sty"
Package: amstext 2000/06/29 v2.01 AMS text

("/Users/thomasbroadwater/Library/Application Support/MiKTeX/texmfs/install/tex
/latex/amsmath/amsgen.sty"
File: amsgen.sty 1999/11/30 v2.0 generic functions
\@emptytoks=\toks34
\ex@=\dimen273
))
("/Users/thomasbroadwater/Library/Application Support/MiKTeX/texmfs/install/tex
/latex/amsmath/amsbsy.sty"
Package: amsbsy 1999/11/29 v1.2d Bold Symbols
\pmbraise@=\dimen274
)
("/Users/thomasbroadwater/Library/Application Support/MiKTeX/texmfs/install/tex
/latex/amsmath/amsopn.sty"
Package: amsopn 2016/03/08 v2.02 operator names
)
\inf@bad=\count313
LaTeX Info: Redefining \frac on input line 234.
\uproot@=\count314
\leftroot@=\count315
LaTeX Info: Redefining \overline on input line 399.
\classnum@=\count316
\DOTSCASE@=\count317
LaTeX Info: Redefining \ldots on input line 496.
LaTeX Info: Redefining \dots on input line 499.
LaTeX Info: Redefining \cdots on input line 620.
\Mathstrutbox@=\box73
\strutbox@=\box74
\big@size=\dimen275
LaTeX Font Info:    Redeclaring font encoding OML on input line 743.
LaTeX Font Info:    Redeclaring font encoding OMS on input line 744.
\macc@depth=\count318
\c@MaxMatrixCols=\count319
\dotsspace@=\muskip17
\c@parentequation=\count320
\dspbrk@lvl=\count321
\tag@help=\toks35
\row@=\count322
\column@=\count323
\maxfields@=\count324
\andhelp@=\toks36
\eqnshift@=\dimen276
\alignsep@=\dimen277
\tagshift@=\dimen278
\tagwidth@=\dimen279
\totwidth@=\dimen280
\lineht@=\dimen281
\@envbody=\toks37
\multlinegap=\skip59
\multlinetaggap=\skip60
\mathdisplay@stack=\toks38
LaTeX Info: Redefining \[ on input line 2923.
LaTeX Info: Redefining \] on input line 2924.
)
("/Users/thomasbroadwater/Library/Application Support/MiKTeX/texmfs/install/tex
/latex/amscls/amsthm.sty"
Package: amsthm 2020/05/29 v2.20.6
\thm@style=\toks39
\thm@bodyfont=\toks40
\thm@headfont=\toks41
\thm@notefont=\toks42
\thm@headpunct=\toks43
\thm@preskip=\skip61
\thm@postskip=\skip62
\thm@headsep=\skip63
\dth@everypar=\toks44
)
\c@theorem=\count325
)
("/Users/thomasbroadwater/Library/Application Support/MiKTeX/texmfs/install/tex
/latex/beamer/beamerbasethemes.sty"))
("/Users/thomasbroadwater/Library/Application Support/MiKTeX/texmfs/install/tex
/latex/beamer/beamerthemedefault.sty"
("/Users/thomasbroadwater/Library/Application Support/MiKTeX/texmfs/install/tex
/latex/beamer/beamerfontthemedefault.sty")
("/Users/thomasbroadwater/Library/Application Support/MiKTeX/texmfs/install/tex
/latex/beamer/beamercolorthemedefault.sty")
("/Users/thomasbroadwater/Library/Application Support/MiKTeX/texmfs/install/tex
/latex/beamer/beamerinnerthemedefault.sty"
\beamer@dima=\dimen282
\beamer@dimb=\dimen283
)
("/Users/thomasbroadwater/Library/Application Support/MiKTeX/texmfs/install/tex
/latex/beamer/beamerouterthemedefault.sty")))
("/Users/thomasbroadwater/Library/Application Support/MiKTeX/texmfs/install/tex
/latex/beamer/beamerthemeHannover.sty"
("/Users/thomasbroadwater/Library/Application Support/MiKTeX/texmfs/install/tex
/latex/beamer/beamerouterthemesidebar.sty"
\beamer@sidebarwidth=\dimen284
\beamer@headheight=\dimen285
)
("/Users/thomasbroadwater/Library/Application Support/MiKTeX/texmfs/install/tex
/latex/beamer/beamercolorthemeseahorse.sty")
("/Users/thomasbroadwater/Library/Application Support/MiKTeX/texmfs/install/tex
/latex/beamer/beamerinnerthemecircles.sty"))
("/Users/thomasbroadwater/Library/Application Support/MiKTeX/texmfs/install/tex
/latex/biblatex-chicago/biblatex-chicago.sty"
Package: biblatex-chicago 2021/06/30 v 3.16 biblatex style

("/Users/thomasbroadwater/Library/Application Support/MiKTeX/texmfs/install/tex
/latex/hyperref/nameref.sty"
Package: nameref 2021-04-02 v2.47 Cross-referencing by name of section

("/Users/thomasbroadwater/Library/Application Support/MiKTeX/texmfs/install/tex
/latex/refcount/refcount.sty"
Package: refcount 2019/12/15 v3.6 Data extraction from label references (HO)
)
("/Users/thomasbroadwater/Library/Application Support/MiKTeX/texmfs/install/tex
/generic/gettitlestring/gettitlestring.sty"
Package: gettitlestring 2019/12/15 v1.6 Cleanup title references (HO)
)
\c@section@level=\count326
)
("/Users/thomasbroadwater/Library/Application Support/MiKTeX/texmfs/install/tex
/latex/xstring/xstring.sty"
("/Users/thomasbroadwater/Library/Application Support/MiKTeX/texmfs/install/tex
/generic/xstring/xstring.tex"
\integerpart=\count327
\decimalpart=\count328
)
Package: xstring 2021/07/21 v1.84 String manipulations (CT)
)
("/Users/thomasbroadwater/Library/Application Support/MiKTeX/texmfs/install/tex
/latex/biblatex/biblatex.sty"
Package: biblatex 2020/12/31 v3.16 programmable bibliographies (PK/MW)

("/Users/thomasbroadwater/Library/Application Support/MiKTeX/texmfs/install/tex
/latex/logreq/logreq.sty"
Package: logreq 2010/08/04 v1.0 xml request logger
\lrq@indent=\count329

("/Users/thomasbroadwater/Library/Application Support/MiKTeX/texmfs/install/tex
/latex/logreq/logreq.def"
File: logreq.def 2010/08/04 v1.0 logreq spec v1.0
))
("/Users/thomasbroadwater/Library/Application Support/MiKTeX/texmfs/install/tex
/latex/base/ifthen.sty"
Package: ifthen 2020/11/24 v1.1c Standard LaTeX ifthen package (DPC)
)
\c@tabx@nest=\count330
\c@listtotal=\count331
\c@listcount=\count332
\c@liststart=\count333
\c@liststop=\count334
\c@citecount=\count335
\c@citetotal=\count336
\c@multicitecount=\count337
\c@multicitetotal=\count338
\c@instcount=\count339
\c@maxnames=\count340
\c@minnames=\count341
\c@maxitems=\count342
\c@minitems=\count343
\c@citecounter=\count344
\c@maxcitecounter=\count345
\c@savedcitecounter=\count346
\c@uniquelist=\count347
\c@uniquename=\count348
\c@refsection=\count349
\c@refsegment=\count350
\c@maxextratitle=\count351
\c@maxextratitleyear=\count352
\c@maxextraname=\count353
\c@maxextradate=\count354
\c@maxextraalpha=\count355
\c@abbrvpenalty=\count356
\c@highnamepenalty=\count357
\c@lownamepenalty=\count358
\c@maxparens=\count359
\c@parenlevel=\count360
\blx@tempcnta=\count361
\blx@tempcntb=\count362
\blx@tempcntc=\count363
\blx@maxsection=\count364
\blx@maxsegment@0=\count365
\blx@notetype=\count366
\blx@parenlevel@text=\count367
\blx@parenlevel@foot=\count368
\blx@sectionciteorder@0=\count369
\blx@entrysetcounter=\count370
\blx@biblioinstance=\count371
\labelnumberwidth=\skip64
\labelalphawidth=\skip65
\biblabelsep=\skip66
\bibitemsep=\skip67
\bibnamesep=\skip68
\bibinitsep=\skip69
\bibparsep=\skip70
\bibhang=\skip71
\blx@bcfin=\read3
\blx@bcfout=\write5
\blx@langwohyphens=\language3
\c@mincomprange=\count372
\c@maxcomprange=\count373
\c@mincompwidth=\count374
Package biblatex Info: Trying to load biblatex default data model...
Package biblatex Info: ... file 'blx-dm.def' found.

("/Users/thomasbroadwater/Library/Application Support/MiKTeX/texmfs/install/tex
/latex/biblatex/blx-dm.def"
File: blx-dm.def 2020/12/31 v3.16 biblatex localization (PK/MW)
)
Package biblatex Info: Trying to load biblatex style data model...
Package biblatex Info: ... file 'chicago-notes.dbx' not found.
Package biblatex Info: Trying to load biblatex custom data model...
Package biblatex Info: ... file 'biblatex-dm.cfg' not found.
\c@afterword=\count375
\c@savedafterword=\count376
\c@annotator=\count377
\c@savedannotator=\count378
\c@author=\count379
\c@savedauthor=\count380
\c@bookauthor=\count381
\c@savedbookauthor=\count382
\c@commentator=\count383
\c@savedcommentator=\count384
\c@editor=\count385
\c@savededitor=\count386
\c@editora=\count387
\c@savededitora=\count388
\c@editorb=\count389
\c@savededitorb=\count390
\c@editorc=\count391
\c@savededitorc=\count392
\c@foreword=\count393
\c@savedforeword=\count394
\c@holder=\count395
\c@savedholder=\count396
\c@introduction=\count397
\c@savedintroduction=\count398
\c@namea=\count399
\c@savednamea=\count400
\c@nameb=\count401
\c@savednameb=\count402
\c@namec=\count403
\c@savednamec=\count404
\c@translator=\count405
\c@savedtranslator=\count406
\c@shortauthor=\count407
\c@savedshortauthor=\count408
\c@shorteditor=\count409
\c@savedshorteditor=\count410
\c@labelname=\count411
\c@savedlabelname=\count412
\c@institution=\count413
\c@savedinstitution=\count414
\c@lista=\count415
\c@savedlista=\count416
\c@listb=\count417
\c@savedlistb=\count418
\c@listc=\count419
\c@savedlistc=\count420
\c@listd=\count421
\c@savedlistd=\count422
\c@liste=\count423
\c@savedliste=\count424
\c@listf=\count425
\c@savedlistf=\count426
\c@location=\count427
\c@savedlocation=\count428
\c@organization=\count429
\c@savedorganization=\count430
\c@origlocation=\count431
\c@savedoriglocation=\count432
\c@origpublisher=\count433
\c@savedorigpublisher=\count434
\c@publisher=\count435
\c@savedpublisher=\count436
\c@language=\count437
\c@savedlanguage=\count438
\c@origlanguage=\count439
\c@savedoriglanguage=\count440
\c@pageref=\count441
\c@savedpageref=\count442
\shorthandwidth=\skip72
\shortjournalwidth=\skip73
\shortserieswidth=\skip74
\shorttitlewidth=\skip75
\shortauthorwidth=\skip76
\shorteditorwidth=\skip77
\locallabelnumberwidth=\skip78
\locallabelalphawidth=\skip79
\localshorthandwidth=\skip80
\localshortjournalwidth=\skip81
\localshortserieswidth=\skip82
\localshorttitlewidth=\skip83
\localshortauthorwidth=\skip84
\localshorteditorwidth=\skip85
Package biblatex Info: Trying to load compatibility code...
Package biblatex Info: ... file 'blx-compat.def' found.

("/Users/thomasbroadwater/Library/Application Support/MiKTeX/texmfs/install/tex
/latex/biblatex/blx-compat.def"
File: blx-compat.def 2020/12/31 v3.16 biblatex compatibility (PK/MW)
)
Package biblatex Info: Trying to load generic definitions...
Package biblatex Info: ... file 'biblatex.def' found.

("/Users/thomasbroadwater/Library/Application Support/MiKTeX/texmfs/install/tex
/latex/biblatex/biblatex.def"
File: biblatex.def 2020/12/31 v3.16 biblatex compatibility (PK/MW)
\c@textcitecount=\count443
\c@textcitetotal=\count444
\c@textcitemaxnames=\count445
\c@biburlbigbreakpenalty=\count446
\c@biburlbreakpenalty=\count447
\c@biburlnumpenalty=\count448
\c@biburlucpenalty=\count449
\c@biburllcpenalty=\count450
\biburlbigskip=\muskip18
\biburlnumskip=\muskip19
\biburlucskip=\muskip20
\biburllcskip=\muskip21
\c@smartand=\count451
)
Package biblatex Info: Trying to load bibliography style 'chicago-notes'...
Package biblatex Info: ... file 'chicago-notes.bbx' found.

("/Users/thomasbroadwater/Library/Application Support/MiKTeX/texmfs/install/tex
/latex/biblatex-chicago/chicago-notes.bbx"
File: chicago-notes.bbx 2021/06/30 v 3.16 biblatex bibliography style
\lositemsep=\skip86
\cms@tempcnta=\count452
\cms@tempcntb=\count453
\c@bbx:relatedcount=\count454
\c@bbx:relatedtotal=\count455
\c@cms@reviewcount=\count456
\c@cms@currentnote=\count457
)
Package biblatex Info: Trying to load citation style 'chicago-notes'...
Package biblatex Info: ... file 'chicago-notes.cbx' found.

("/Users/thomasbroadwater/Library/Application Support/MiKTeX/texmfs/install/tex
/latex/biblatex-chicago/chicago-notes.cbx"
File: chicago-notes.cbx 2021/03/27 v 3.16 biblatex citation style
Package biblatex Info: Redefining '\cite'.
Package biblatex Info: Redefining '\parencite'.
Package biblatex Info: Redefining '\footcite'.
Package biblatex Info: Redefining '\smartcite'.
Package biblatex Info: Redefining '\smartcites'.
Package biblatex Info: Redefining '\footfullcite'.
Package biblatex Info: Redefining '\fullcite'.
Package biblatex Info: Redefining '\citeincitef'.
Package biblatex Info: Redefining '\citeauthor'.
Package biblatex Info: Redefining '\textcite'.
Package biblatex Info: Redefining '\textcites'.
Package biblatex Info: Delimiter 'dateeradelim' in context '' already defined, 
overwriting.
)
Package biblatex Info: Trying to load configuration file...
Package biblatex Info: ... file 'biblatex.cfg' found.

("/Users/thomasbroadwater/Library/Application Support/MiKTeX/texmfs/install/tex
/latex/biblatex/biblatex.cfg"
File: biblatex.cfg 
)))
("/Users/thomasbroadwater/Library/Application Support/MiKTeX/texmfs/install/tex
/latex/base/inputenc.sty"
Package: inputenc 2021/02/14 v1.3d Input encoding file
\inpenc@prehook=\toks45
\inpenc@posthook=\toks46
)
("/Users/thomasbroadwater/Library/Application Support/MiKTeX/texmfs/install/tex
/latex/base/fontenc.sty"
Package: fontenc 2021/04/29 v2.0v Standard LaTeX package
)
("/Users/thomasbroadwater/Library/Application Support/MiKTeX/texmfs/install/tex
/latex/microtype/microtype.sty"
Package: microtype 2021/03/14 v2.8c Micro-typographical refinements (RS)
\MT@toks=\toks47
\MT@count=\count458
LaTeX Info: Redefining \textls on input line 790.
\MT@outer@kern=\dimen286
LaTeX Info: Redefining \textmicrotypecontext on input line 1374.
\MT@listname@count=\count459

("/Users/thomasbroadwater/Library/Application Support/MiKTeX/texmfs/install/tex
/latex/microtype/microtype-pdftex.def"
File: microtype-pdftex.def 2021/03/14 v2.8c Definitions specific to pdftex (RS)

LaTeX Info: Redefining \lsstyle on input line 915.
LaTeX Info: Redefining \lslig on input line 915.
\MT@outer@space=\skip87
)
Package microtype Info: Loading configuration file microtype.cfg.

("/Users/thomasbroadwater/Library/Application Support/MiKTeX/texmfs/install/tex
/latex/microtype/microtype.cfg"
File: microtype.cfg 2021/03/14 v2.8c microtype main configuration file (RS)
))
("/Users/thomasbroadwater/Library/Application Support/MiKTeX/texmfs/install/tex
/generic/babel/babel.sty"
Package: babel 2021/07/22 3.63 The Babel package

("/Users/thomasbroadwater/Library/Application Support/MiKTeX/texmfs/install/tex
/generic/babel/babel.def"
File: babel.def 2021/07/22 3.63 Babel common definitions
\babel@savecnt=\count460
\U@D=\dimen287
\l@unhyphenated=\language4

("/Users/thomasbroadwater/Library/Application Support/MiKTeX/texmfs/install/tex
/generic/babel/txtbabel.def")
\bbl@readstream=\read4
)
LaTeX Info: Redefining \textlatin on input line 730.
\bbl@dirlevel=\count461

*************************************
* Local config file bblopts.cfg used
*

("/Users/thomasbroadwater/Library/Application Support/MiKTeX/texmfs/install/tex
/latex/arabi/bblopts.cfg"
File: bblopts.cfg 2005/09/08 v0.1 add Arabic and Farsi to "declared" options of
 babel
)
("/Users/thomasbroadwater/Library/Application Support/MiKTeX/texmfs/install/tex
/latex/babel-greek/greek.ldf"
Language: greek 2020/11/10 v1.10 Greek support for the babel system


Package babel Warning: No hyphenation patterns were preloaded for
(babel)                the language 'greek' into the format.
(babel)                Please, configure your TeX system to add them and
(babel)                rebuild the format. Now I will use the patterns
(babel)                preloaded for \language=0 instead on input line 44.

Package babel Info: Hyphen rules for 'greek' set to \l@english
(babel)             (\language0). Reported on input line 45.
Package babel Info: Hyphen rules for 'monogreek' set to \l@english
(babel)             (\language0). Reported on input line 47.
Package babel Info: Hyphen rules for 'ancientgreek' set to \l@english
(babel)             (\language0). Reported on input line 49.
\bbl@monogreek=\count462
\bbl@polygreek=\count463
\bbl@ancientgreek=\count464

("/Users/thomasbroadwater/Library/Application Support/MiKTeX/texmfs/install/tex
/latex/greek-fontenc/lgrenc.def"
File: lgrenc.def 2020/10/13 2.0 LGR Greek font encoding definitions
Now handling font encoding LGR ...
... processing UTF-8 mapping file for font encoding LGR

("/Users/thomasbroadwater/Library/Application Support/MiKTeX/texmfs/install/tex
/latex/greek-inputenc/lgrenc.dfu"
File: lgrenc.dfu 2019/07/11 1.7 UTF-8 support for Greek
   defining Unicode char U+00A8 (decimal 168)
   defining Unicode char U+00AB (decimal 171)
   defining Unicode char U+00AF (decimal 175)
   defining Unicode char U+00B4 (decimal 180)
   defining Unicode char U+00B7 (decimal 183)
   defining Unicode char U+00BB (decimal 187)
   defining Unicode char U+0259 (decimal 601)
   defining Unicode char U+02D8 (decimal 728)
   defining Unicode char U+0374 (decimal 884)
   defining Unicode char U+0375 (decimal 885)
   defining Unicode char U+037A (decimal 890)
   defining Unicode char U+037E (decimal 894)
   defining Unicode char U+0384 (decimal 900)
   defining Unicode char U+0385 (decimal 901)
   defining Unicode char U+0386 (decimal 902)
   defining Unicode char U+0387 (decimal 903)
   defining Unicode char U+0388 (decimal 904)
   defining Unicode char U+0389 (decimal 905)
   defining Unicode char U+038A (decimal 906)
   defining Unicode char U+038C (decimal 908)
   defining Unicode char U+038E (decimal 910)
   defining Unicode char U+038F (decimal 911)
   defining Unicode char U+0390 (decimal 912)
   defining Unicode char U+0391 (decimal 913)
   defining Unicode char U+0392 (decimal 914)
   defining Unicode char U+0393 (decimal 915)
   defining Unicode char U+0394 (decimal 916)
   defining Unicode char U+0395 (decimal 917)
   defining Unicode char U+0396 (decimal 918)
   defining Unicode char U+0397 (decimal 919)
   defining Unicode char U+0398 (decimal 920)
   defining Unicode char U+0399 (decimal 921)
   defining Unicode char U+039A (decimal 922)
   defining Unicode char U+039B (decimal 923)
   defining Unicode char U+039C (decimal 924)
   defining Unicode char U+039D (decimal 925)
   defining Unicode char U+039E (decimal 926)
   defining Unicode char U+039F (decimal 927)
   defining Unicode char U+03A0 (decimal 928)
   defining Unicode char U+03A1 (decimal 929)
   defining Unicode char U+03A3 (decimal 931)
   defining Unicode char U+03A4 (decimal 932)
   defining Unicode char U+03A5 (decimal 933)
   defining Unicode char U+03A6 (decimal 934)
   defining Unicode char U+03A7 (decimal 935)
   defining Unicode char U+03A8 (decimal 936)
   defining Unicode char U+03A9 (decimal 937)
   defining Unicode char U+03AA (decimal 938)
   defining Unicode char U+03AB (decimal 939)
   defining Unicode char U+03AC (decimal 940)
   defining Unicode char U+03AD (decimal 941)
   defining Unicode char U+03AE (decimal 942)
   defining Unicode char U+03AF (decimal 943)
   defining Unicode char U+03B0 (decimal 944)
   defining Unicode char U+03B1 (decimal 945)
   defining Unicode char U+03B2 (decimal 946)
   defining Unicode char U+03B3 (decimal 947)
   defining Unicode char U+03B4 (decimal 948)
   defining Unicode char U+03B5 (decimal 949)
   defining Unicode char U+03B6 (decimal 950)
   defining Unicode char U+03B7 (decimal 951)
   defining Unicode char U+03B8 (decimal 952)
   defining Unicode char U+03B9 (decimal 953)
   defining Unicode char U+03BA (decimal 954)
   defining Unicode char U+03BB (decimal 955)
   defining Unicode char U+03BC (decimal 956)
   defining Unicode char U+03BD (decimal 957)
   defining Unicode char U+03BE (decimal 958)
   defining Unicode char U+03BF (decimal 959)
   defining Unicode char U+03C0 (decimal 960)
   defining Unicode char U+03C1 (decimal 961)
   defining Unicode char U+03C2 (decimal 962)
   defining Unicode char U+03C3 (decimal 963)
   defining Unicode char U+03C4 (decimal 964)
   defining Unicode char U+03C5 (decimal 965)
   defining Unicode char U+03C6 (decimal 966)
   defining Unicode char U+03C7 (decimal 967)
   defining Unicode char U+03C8 (decimal 968)
   defining Unicode char U+03C9 (decimal 969)
   defining Unicode char U+03CA (decimal 970)
   defining Unicode char U+03CB (decimal 971)
   defining Unicode char U+03CC (decimal 972)
   defining Unicode char U+03CD (decimal 973)
   defining Unicode char U+03CE (decimal 974)
   defining Unicode char U+03D0 (decimal 976)
   defining Unicode char U+03D1 (decimal 977)
   defining Unicode char U+03D5 (decimal 981)
   defining Unicode char U+03D6 (decimal 982)
   defining Unicode char U+03D8 (decimal 984)
   defining Unicode char U+03D9 (decimal 985)
   defining Unicode char U+03DA (decimal 986)
   defining Unicode char U+03DB (decimal 987)
   defining Unicode char U+03DC (decimal 988)
   defining Unicode char U+03DD (decimal 989)
   defining Unicode char U+03DF (decimal 991)
   defining Unicode char U+03E0 (decimal 992)
   defining Unicode char U+03E1 (decimal 993)
   defining Unicode char U+03F0 (decimal 1008)
   defining Unicode char U+03F1 (decimal 1009)
   defining Unicode char U+03F4 (decimal 1012)
   defining Unicode char U+03F5 (decimal 1013)
   defining Unicode char U+1F00 (decimal 7936)
   defining Unicode char U+1F01 (decimal 7937)
   defining Unicode char U+1F02 (decimal 7938)
   defining Unicode char U+1F03 (decimal 7939)
   defining Unicode char U+1F04 (decimal 7940)
   defining Unicode char U+1F05 (decimal 7941)
   defining Unicode char U+1F06 (decimal 7942)
   defining Unicode char U+1F07 (decimal 7943)
   defining Unicode char U+1F08 (decimal 7944)
   defining Unicode char U+1F09 (decimal 7945)
   defining Unicode char U+1F0A (decimal 7946)
   defining Unicode char U+1F0B (decimal 7947)
   defining Unicode char U+1F0C (decimal 7948)
   defining Unicode char U+1F0D (decimal 7949)
   defining Unicode char U+1F0E (decimal 7950)
   defining Unicode char U+1F0F (decimal 7951)
   defining Unicode char U+1F10 (decimal 7952)
   defining Unicode char U+1F11 (decimal 7953)
   defining Unicode char U+1F12 (decimal 7954)
   defining Unicode char U+1F13 (decimal 7955)
   defining Unicode char U+1F14 (decimal 7956)
   defining Unicode char U+1F15 (decimal 7957)
   defining Unicode char U+1F18 (decimal 7960)
   defining Unicode char U+1F19 (decimal 7961)
   defining Unicode char U+1F1A (decimal 7962)
   defining Unicode char U+1F1B (decimal 7963)
   defining Unicode char U+1F1C (decimal 7964)
   defining Unicode char U+1F1D (decimal 7965)
   defining Unicode char U+1F20 (decimal 7968)
   defining Unicode char U+1F21 (decimal 7969)
   defining Unicode char U+1F22 (decimal 7970)
   defining Unicode char U+1F23 (decimal 7971)
   defining Unicode char U+1F24 (decimal 7972)
   defining Unicode char U+1F25 (decimal 7973)
   defining Unicode char U+1F26 (decimal 7974)
   defining Unicode char U+1F27 (decimal 7975)
   defining Unicode char U+1F28 (decimal 7976)
   defining Unicode char U+1F29 (decimal 7977)
   defining Unicode char U+1F2A (decimal 7978)
   defining Unicode char U+1F2B (decimal 7979)
   defining Unicode char U+1F2C (decimal 7980)
   defining Unicode char U+1F2D (decimal 7981)
   defining Unicode char U+1F2E (decimal 7982)
   defining Unicode char U+1F2F (decimal 7983)
   defining Unicode char U+1F30 (decimal 7984)
   defining Unicode char U+1F31 (decimal 7985)
   defining Unicode char U+1F32 (decimal 7986)
   defining Unicode char U+1F33 (decimal 7987)
   defining Unicode char U+1F34 (decimal 7988)
   defining Unicode char U+1F35 (decimal 7989)
   defining Unicode char U+1F36 (decimal 7990)
   defining Unicode char U+1F37 (decimal 7991)
   defining Unicode char U+1F38 (decimal 7992)
   defining Unicode char U+1F39 (decimal 7993)
   defining Unicode char U+1F3A (decimal 7994)
   defining Unicode char U+1F3B (decimal 7995)
   defining Unicode char U+1F3C (decimal 7996)
   defining Unicode char U+1F3D (decimal 7997)
   defining Unicode char U+1F3E (decimal 7998)
   defining Unicode char U+1F3F (decimal 7999)
   defining Unicode char U+1F40 (decimal 8000)
   defining Unicode char U+1F41 (decimal 8001)
   defining Unicode char U+1F42 (decimal 8002)
   defining Unicode char U+1F43 (decimal 8003)
   defining Unicode char U+1F44 (decimal 8004)
   defining Unicode char U+1F45 (decimal 8005)
   defining Unicode char U+1F48 (decimal 8008)
   defining Unicode char U+1F49 (decimal 8009)
   defining Unicode char U+1F4A (decimal 8010)
   defining Unicode char U+1F4B (decimal 8011)
   defining Unicode char U+1F4C (decimal 8012)
   defining Unicode char U+1F4D (decimal 8013)
   defining Unicode char U+1F50 (decimal 8016)
   defining Unicode char U+1F51 (decimal 8017)
   defining Unicode char U+1F52 (decimal 8018)
   defining Unicode char U+1F53 (decimal 8019)
   defining Unicode char U+1F54 (decimal 8020)
   defining Unicode char U+1F55 (decimal 8021)
   defining Unicode char U+1F56 (decimal 8022)
   defining Unicode char U+1F57 (decimal 8023)
   defining Unicode char U+1F59 (decimal 8025)
   defining Unicode char U+1F5B (decimal 8027)
   defining Unicode char U+1F5D (decimal 8029)
   defining Unicode char U+1F5F (decimal 8031)
   defining Unicode char U+1F60 (decimal 8032)
   defining Unicode char U+1F61 (decimal 8033)
   defining Unicode char U+1F62 (decimal 8034)
   defining Unicode char U+1F63 (decimal 8035)
   defining Unicode char U+1F64 (decimal 8036)
   defining Unicode char U+1F65 (decimal 8037)
   defining Unicode char U+1F66 (decimal 8038)
   defining Unicode char U+1F67 (decimal 8039)
   defining Unicode char U+1F68 (decimal 8040)
   defining Unicode char U+1F69 (decimal 8041)
   defining Unicode char U+1F6A (decimal 8042)
   defining Unicode char U+1F6B (decimal 8043)
   defining Unicode char U+1F6C (decimal 8044)
   defining Unicode char U+1F6D (decimal 8045)
   defining Unicode char U+1F6E (decimal 8046)
   defining Unicode char U+1F6F (decimal 8047)
   defining Unicode char U+1F70 (decimal 8048)
   defining Unicode char U+1F71 (decimal 8049)
   defining Unicode char U+1F72 (decimal 8050)
   defining Unicode char U+1F73 (decimal 8051)
   defining Unicode char U+1F74 (decimal 8052)
   defining Unicode char U+1F75 (decimal 8053)
   defining Unicode char U+1F76 (decimal 8054)
   defining Unicode char U+1F77 (decimal 8055)
   defining Unicode char U+1F78 (decimal 8056)
   defining Unicode char U+1F79 (decimal 8057)
   defining Unicode char U+1F7A (decimal 8058)
   defining Unicode char U+1F7B (decimal 8059)
   defining Unicode char U+1F7C (decimal 8060)
   defining Unicode char U+1F7D (decimal 8061)
   defining Unicode char U+1F80 (decimal 8064)
   defining Unicode char U+1F81 (decimal 8065)
   defining Unicode char U+1F82 (decimal 8066)
   defining Unicode char U+1F83 (decimal 8067)
   defining Unicode char U+1F84 (decimal 8068)
   defining Unicode char U+1F85 (decimal 8069)
   defining Unicode char U+1F86 (decimal 8070)
   defining Unicode char U+1F87 (decimal 8071)
   defining Unicode char U+1F88 (decimal 8072)
   defining Unicode char U+1F89 (decimal 8073)
   defining Unicode char U+1F8A (decimal 8074)
   defining Unicode char U+1F8B (decimal 8075)
   defining Unicode char U+1F8C (decimal 8076)
   defining Unicode char U+1F8D (decimal 8077)
   defining Unicode char U+1F8E (decimal 8078)
   defining Unicode char U+1F8F (decimal 8079)
   defining Unicode char U+1F90 (decimal 8080)
   defining Unicode char U+1F91 (decimal 8081)
   defining Unicode char U+1F92 (decimal 8082)
   defining Unicode char U+1F93 (decimal 8083)
   defining Unicode char U+1F94 (decimal 8084)
   defining Unicode char U+1F95 (decimal 8085)
   defining Unicode char U+1F96 (decimal 8086)
   defining Unicode char U+1F97 (decimal 8087)
   defining Unicode char U+1F98 (decimal 8088)
   defining Unicode char U+1F99 (decimal 8089)
   defining Unicode char U+1F9A (decimal 8090)
   defining Unicode char U+1F9B (decimal 8091)
   defining Unicode char U+1F9C (decimal 8092)
   defining Unicode char U+1F9D (decimal 8093)
   defining Unicode char U+1F9E (decimal 8094)
   defining Unicode char U+1F9F (decimal 8095)
   defining Unicode char U+1FA0 (decimal 8096)
   defining Unicode char U+1FA1 (decimal 8097)
   defining Unicode char U+1FA2 (decimal 8098)
   defining Unicode char U+1FA3 (decimal 8099)
   defining Unicode char U+1FA4 (decimal 8100)
   defining Unicode char U+1FA5 (decimal 8101)
   defining Unicode char U+1FA6 (decimal 8102)
   defining Unicode char U+1FA7 (decimal 8103)
   defining Unicode char U+1FA8 (decimal 8104)
   defining Unicode char U+1FA9 (decimal 8105)
   defining Unicode char U+1FAA (decimal 8106)
   defining Unicode char U+1FAB (decimal 8107)
   defining Unicode char U+1FAC (decimal 8108)
   defining Unicode char U+1FAD (decimal 8109)
   defining Unicode char U+1FAE (decimal 8110)
   defining Unicode char U+1FAF (decimal 8111)
   defining Unicode char U+1FB0 (decimal 8112)
   defining Unicode char U+1FB1 (decimal 8113)
   defining Unicode char U+1FB2 (decimal 8114)
   defining Unicode char U+1FB3 (decimal 8115)
   defining Unicode char U+1FB4 (decimal 8116)
   defining Unicode char U+1FB6 (decimal 8118)
   defining Unicode char U+1FB7 (decimal 8119)
   defining Unicode char U+1FB8 (decimal 8120)
   defining Unicode char U+1FB9 (decimal 8121)
   defining Unicode char U+1FBA (decimal 8122)
   defining Unicode char U+1FBB (decimal 8123)
   defining Unicode char U+1FBC (decimal 8124)
   defining Unicode char U+1FBD (decimal 8125)
   defining Unicode char U+1FBE (decimal 8126)
   defining Unicode char U+1FBF (decimal 8127)
   defining Unicode char U+1FC0 (decimal 8128)
   defining Unicode char U+1FC1 (decimal 8129)
   defining Unicode char U+1FC2 (decimal 8130)
   defining Unicode char U+1FC3 (decimal 8131)
   defining Unicode char U+1FC4 (decimal 8132)
   defining Unicode char U+1FC6 (decimal 8134)
   defining Unicode char U+1FC7 (decimal 8135)
   defining Unicode char U+1FC8 (decimal 8136)
   defining Unicode char U+1FC9 (decimal 8137)
   defining Unicode char U+1FCA (decimal 8138)
   defining Unicode char U+1FCB (decimal 8139)
   defining Unicode char U+1FCC (decimal 8140)
   defining Unicode char U+1FCD (decimal 8141)
   defining Unicode char U+1FCE (decimal 8142)
   defining Unicode char U+1FCF (decimal 8143)
   defining Unicode char U+1FD0 (decimal 8144)
   defining Unicode char U+1FD1 (decimal 8145)
   defining Unicode char U+1FD2 (decimal 8146)
   defining Unicode char U+1FD3 (decimal 8147)
   defining Unicode char U+1FD6 (decimal 8150)
   defining Unicode char U+1FD7 (decimal 8151)
   defining Unicode char U+1FD8 (decimal 8152)
   defining Unicode char U+1FD9 (decimal 8153)
   defining Unicode char U+1FDA (decimal 8154)
   defining Unicode char U+1FDB (decimal 8155)
   defining Unicode char U+1FDD (decimal 8157)
   defining Unicode char U+1FDE (decimal 8158)
   defining Unicode char U+1FDF (decimal 8159)
   defining Unicode char U+1FE0 (decimal 8160)
   defining Unicode char U+1FE1 (decimal 8161)
   defining Unicode char U+1FE2 (decimal 8162)
   defining Unicode char U+1FE3 (decimal 8163)
   defining Unicode char U+1FE4 (decimal 8164)
   defining Unicode char U+1FE5 (decimal 8165)
   defining Unicode char U+1FE6 (decimal 8166)
   defining Unicode char U+1FE7 (decimal 8167)
   defining Unicode char U+1FE8 (decimal 8168)
   defining Unicode char U+1FE9 (decimal 8169)
   defining Unicode char U+1FEA (decimal 8170)
   defining Unicode char U+1FEB (decimal 8171)
   defining Unicode char U+1FEC (decimal 8172)
   defining Unicode char U+1FED (decimal 8173)
   defining Unicode char U+1FEE (decimal 8174)
   defining Unicode char U+1FEF (decimal 8175)
   defining Unicode char U+1FF2 (decimal 8178)
   defining Unicode char U+1FF3 (decimal 8179)
   defining Unicode char U+1FF4 (decimal 8180)
   defining Unicode char U+1FF6 (decimal 8182)
   defining Unicode char U+1FF7 (decimal 8183)
   defining Unicode char U+1FF8 (decimal 8184)
   defining Unicode char U+1FF9 (decimal 8185)
   defining Unicode char U+1FFA (decimal 8186)
   defining Unicode char U+1FFB (decimal 8187)
   defining Unicode char U+1FFC (decimal 8188)
   defining Unicode char U+1FFD (decimal 8189)
   defining Unicode char U+1FFE (decimal 8190)
   defining Unicode char U+2013 (decimal 8211)
   defining Unicode char U+2014 (decimal 8212)
   defining Unicode char U+2018 (decimal 8216)
   defining Unicode char U+2019 (decimal 8217)
   defining Unicode char U+201A (decimal 8218)
   defining Unicode char U+2030 (decimal 8240)
   defining Unicode char U+2039 (decimal 8249)
   defining Unicode char U+203A (decimal 8250)
   defining Unicode char U+20AC (decimal 8364)
   defining Unicode char U+2126 (decimal 8486)
   defining Unicode char U+10144 (decimal 65860)
   defining Unicode char U+10145 (decimal 65861)
   defining Unicode char U+10146 (decimal 65862)
   defining Unicode char U+10147 (decimal 65863)
)
("/Users/thomasbroadwater/Library/Application Support/MiKTeX/texmfs/install/tex
/latex/greek-fontenc/greek-fontenc.def"
File: greek-fontenc.def 2020/10/30 2.0 Common Greek font encoding definitions
))
LaTeX Info: Redefining \& on input line 125.
)
("/Users/thomasbroadwater/Library/Application Support/MiKTeX/texmfs/install/tex
/latex/babel-english/english.ldf"
Language: english 2017/06/06 v3.3r English support from the babel system
Package babel Info: Hyphen rules for 'british' set to \l@english
(babel)             (\language0). Reported on input line 82.
Package babel Info: Hyphen rules for 'UKenglish' set to \l@english
(babel)             (\language0). Reported on input line 83.
Package babel Info: Hyphen rules for 'canadian' set to \l@english
(babel)             (\language0). Reported on input line 102.
Package babel Info: Hyphen rules for 'australian' set to \l@english
(babel)             (\language0). Reported on input line 105.
Package babel Info: Hyphen rules for 'newzealand' set to \l@english
(babel)             (\language0). Reported on input line 108.
))
("/Users/thomasbroadwater/Library/Application Support/MiKTeX/texmfs/install/tex
/latex/csquotes/csquotes.sty"
Package: csquotes 2021-02-22 v5.2l context-sensitive quotations (JAW)
\csq@reset=\count465
\csq@gtype=\count466
\csq@glevel=\count467
\csq@qlevel=\count468
\csq@maxlvl=\count469
\csq@tshold=\count470
\csq@ltx@everypar=\toks48

("/Users/thomasbroadwater/Library/Application Support/MiKTeX/texmfs/install/tex
/latex/csquotes/csquotes.def"
File: csquotes.def 2021-02-22 v5.2l csquotes generic definitions (JAW)
)
Package csquotes Info: Trying to load configuration file 'csquotes.cfg'...
Package csquotes Info: ... configuration file loaded successfully.

("/Users/thomasbroadwater/Library/Application Support/MiKTeX/texmfs/install/tex
/latex/csquotes/csquotes.cfg"
File: csquotes.cfg 
))
("/Users/thomasbroadwater/Library/Application Support/MiKTeX/texmfs/install/tex
/latex/teubner/teubner.sty"
Package: teubner 2021/02/08 v.5.4 Extensions for Greek philology

("/Users/thomasbroadwater/Library/Application Support/MiKTeX/texmfs/install/tex
/latex/base/exscale.sty"
Package: exscale 2018/09/24 v2.1i Standard LaTeX package exscale
LaTeX Font Info:    Redeclaring symbol font `largesymbols' on input line 57.
LaTeX Font Info:    Overwriting symbol font `largesymbols' in version `normal'
(Font)                  OMX/cmex/m/n --> OMX/cmex/m/n on input line 57.
LaTeX Font Info:    Overwriting symbol font `largesymbols' in version `bold'
(Font)                  OMX/cmex/m/n --> OMX/cmex/m/n on input line 57.
\big@size=\dimen288
)
LaTeX Info: Redefining \textlatin on input line 171.
LaTeX Info: Redefining \cap on input line 242.
LaTeX Info: Redefining \: on input line 678.
LaTeX Info: Redefining \; on input line 679.
LaTeX Info: Redefining \| on input line 689.
LaTeX Info: Redefining \star on input line 863.
\c@verso=\count471
\c@subverso=\count472
\versoskip=\skip88
\br@cedmetrics=\skip89

("/Users/thomasbroadwater/Library/Application Support/MiKTeX/texmfs/install/tex
/latex/tools/trace.sty"
Package: trace 2021/04/18 v1.1f trace LaTeX code
))
("/Users/thomasbroadwater/Library/Application Support/MiKTeX/texmfs/install/tex
/latex/tools/multicol.sty"
Package: multicol 2019/12/09 v1.8y multicolumn formatting (FMi)
\c@tracingmulticols=\count473
\mult@box=\box75
\multicol@leftmargin=\dimen289
\c@unbalance=\count474
\c@collectmore=\count475
\doublecol@number=\count476
\multicoltolerance=\count477
\multicolpretolerance=\count478
\full@width=\dimen290
\page@free=\dimen291
\premulticols=\dimen292
\postmulticols=\dimen293
\multicolsep=\skip90
\multicolbaselineskip=\skip91
\partial@page=\box76
\last@line=\box77
\maxbalancingoverflow=\dimen294
\mult@rightbox=\box78
\mult@grightbox=\box79
\mult@gfirstbox=\box80
\mult@firstbox=\box81
\@tempa=\box82
\@tempa=\box83
\@tempa=\box84
\@tempa=\box85
\@tempa=\box86
\@tempa=\box87
\@tempa=\box88
\@tempa=\box89
\@tempa=\box90
\@tempa=\box91
\@tempa=\box92
\@tempa=\box93
\@tempa=\box94
\@tempa=\box95
\@tempa=\box96
\@tempa=\box97
\@tempa=\box98
\@tempa=\box99
\@tempa=\box100
\@tempa=\box101
\@tempa=\box102
\@tempa=\box103
\@tempa=\box104
\@tempa=\box105
\@tempa=\box106
\@tempa=\box107
\@tempa=\box108
\@tempa=\box109
\@tempa=\box110
\@tempa=\box111
\@tempa=\box112
\@tempa=\box113
\@tempa=\box114
\@tempa=\box115
\@tempa=\box116
\@tempa=\box117
\@tempa=\box118
\c@minrows=\count479
\c@columnbadness=\count480
\c@finalcolumnbadness=\count481
\last@try=\dimen295
\multicolovershoot=\dimen296
\multicolundershoot=\dimen297
\mult@nat@firstbox=\box119
\colbreak@box=\box120
\mc@col@check@num=\count482
)
("/Users/thomasbroadwater/Library/Application Support/MiKTeX/texmfs/install/tex
/latex/booktabs/booktabs.sty"
Package: booktabs 2020/01/12 v1.61803398 Publication quality tables
\heavyrulewidth=\dimen298
\lightrulewidth=\dimen299
\cmidrulewidth=\dimen300
\belowrulesep=\dimen301
\belowbottomsep=\dimen302
\aboverulesep=\dimen303
\abovetopsep=\dimen304
\cmidrulesep=\dimen305
\cmidrulekern=\dimen306
\defaultaddspace=\dimen307
\@cmidla=\count483
\@cmidlb=\count484
\@aboverulesep=\dimen308
\@belowrulesep=\dimen309
\@thisruleclass=\count485
\@lastruleclass=\count486
\@thisrulewidth=\dimen310
)
("/Users/thomasbroadwater/Library/Application Support/MiKTeX/texmfs/install/tex
/latex/pgf/frontendlayer/tikz.sty"
("/Users/thomasbroadwater/Library/Application Support/MiKTeX/texmfs/install/tex
/latex/pgf/basiclayer/pgf.sty"
Package: pgf 2021/05/15 v3.1.9a (3.1.9a)

("/Users/thomasbroadwater/Library/Application Support/MiKTeX/texmfs/install/tex
/generic/pgf/modules/pgfmoduleshapes.code.tex"
File: pgfmoduleshapes.code.tex 2021/05/15 v3.1.9a (3.1.9a)
\pgfnodeparttextbox=\box121
)
("/Users/thomasbroadwater/Library/Application Support/MiKTeX/texmfs/install/tex
/generic/pgf/modules/pgfmoduleplot.code.tex"
File: pgfmoduleplot.code.tex 2021/05/15 v3.1.9a (3.1.9a)
)
("/Users/thomasbroadwater/Library/Application Support/MiKTeX/texmfs/install/tex
/latex/pgf/compatibility/pgfcomp-version-0-65.sty"
Package: pgfcomp-version-0-65 2021/05/15 v3.1.9a (3.1.9a)
\pgf@nodesepstart=\dimen311
\pgf@nodesepend=\dimen312
)
("/Users/thomasbroadwater/Library/Application Support/MiKTeX/texmfs/install/tex
/latex/pgf/compatibility/pgfcomp-version-1-18.sty"
Package: pgfcomp-version-1-18 2021/05/15 v3.1.9a (3.1.9a)
))
("/Users/thomasbroadwater/Library/Application Support/MiKTeX/texmfs/install/tex
/latex/pgf/utilities/pgffor.sty"
("/Users/thomasbroadwater/Library/Application Support/MiKTeX/texmfs/install/tex
/latex/pgf/utilities/pgfkeys.sty"
("/Users/thomasbroadwater/Library/Application Support/MiKTeX/texmfs/install/tex
/generic/pgf/utilities/pgfkeys.code.tex"))
("/Users/thomasbroadwater/Library/Application Support/MiKTeX/texmfs/install/tex
/latex/pgf/math/pgfmath.sty"
("/Users/thomasbroadwater/Library/Application Support/MiKTeX/texmfs/install/tex
/generic/pgf/math/pgfmath.code.tex"))
("/Users/thomasbroadwater/Library/Application Support/MiKTeX/texmfs/install/tex
/generic/pgf/utilities/pgffor.code.tex"
Package: pgffor 2021/05/15 v3.1.9a (3.1.9a)

("/Users/thomasbroadwater/Library/Application Support/MiKTeX/texmfs/install/tex
/generic/pgf/math/pgfmath.code.tex")
\pgffor@iter=\dimen313
\pgffor@skip=\dimen314
\pgffor@stack=\toks49
\pgffor@toks=\toks50
))
("/Users/thomasbroadwater/Library/Application Support/MiKTeX/texmfs/install/tex
/generic/pgf/frontendlayer/tikz/tikz.code.tex"
Package: tikz 2021/05/15 v3.1.9a (3.1.9a)

("/Users/thomasbroadwater/Library/Application Support/MiKTeX/texmfs/install/tex
/generic/pgf/libraries/pgflibraryplothandlers.code.tex"
File: pgflibraryplothandlers.code.tex 2021/05/15 v3.1.9a (3.1.9a)
\pgf@plot@mark@count=\count487
\pgfplotmarksize=\dimen315
)
\tikz@lastx=\dimen316
\tikz@lasty=\dimen317
\tikz@lastxsaved=\dimen318
\tikz@lastysaved=\dimen319
\tikz@lastmovetox=\dimen320
\tikz@lastmovetoy=\dimen321
\tikzleveldistance=\dimen322
\tikzsiblingdistance=\dimen323
\tikz@figbox=\box122
\tikz@figbox@bg=\box123
\tikz@tempbox=\box124
\tikz@tempbox@bg=\box125
\tikztreelevel=\count488
\tikznumberofchildren=\count489
\tikznumberofcurrentchild=\count490
\tikz@fig@count=\count491

("/Users/thomasbroadwater/Library/Application Support/MiKTeX/texmfs/install/tex
/generic/pgf/modules/pgfmodulematrix.code.tex"
File: pgfmodulematrix.code.tex 2021/05/15 v3.1.9a (3.1.9a)
\pgfmatrixcurrentrow=\count492
\pgfmatrixcurrentcolumn=\count493
\pgf@matrix@numberofcolumns=\count494
)
\tikz@expandcount=\count495

("/Users/thomasbroadwater/Library/Application Support/MiKTeX/texmfs/install/tex
/generic/pgf/frontendlayer/tikz/libraries/tikzlibrarytopaths.code.tex"
File: tikzlibrarytopaths.code.tex 2021/05/15 v3.1.9a (3.1.9a)
)))
(/Library/Frameworks/R.framework/Resources/share/texmf/tex/latex/Sweave.sty
Package: Sweave 

("/Users/thomasbroadwater/Library/Application Support/MiKTeX/texmfs/install/tex
/latex/fancyvrb/fancyvrb.sty"
Package: fancyvrb 2021/08/12 v3.8 verbatim text (tvz,hv)
\FV@CodeLineNo=\count496
\FV@InFile=\read5
\FV@TabBox=\box126
\c@FancyVerbLine=\count497
\FV@StepNumber=\count498
\FV@OutFile=\write6
)
("/Users/thomasbroadwater/Library/Application Support/MiKTeX/texmfs/install/tex
/latex/base/textcomp.sty"
Package: textcomp 2020/02/02 v2.0n Standard LaTeX package
)
("/Users/thomasbroadwater/Library/Application Support/MiKTeX/texmfs/install/tex
/latex/base/fontenc.sty"
Package: fontenc 2021/04/29 v2.0v Standard LaTeX package
)
("/Users/thomasbroadwater/Library/Application Support/MiKTeX/texmfs/install/tex
/latex/ae/ae.sty"
Package: ae 2001/02/12 1.3 Almost European Computer Modern

("/Users/thomasbroadwater/Library/Application Support/MiKTeX/texmfs/install/tex
/latex/base/fontenc.sty"
Package: fontenc 2021/04/29 v2.0v Standard LaTeX package
)))
Package csquotes Info: Checking for multilingual support...
Package csquotes Info: ... found 'babel' package.
Package csquotes Info: Adjusting default style.
Package csquotes Info: Redefining alias 'default' -> 'english'.

("/Users/thomasbroadwater/Library/Application Support/MiKTeX/texmfs/install/tex
/latex/greek-fontenc/textalpha.sty"
Package: textalpha 2020/10/30 2.0 macros for Greek letters in text
)
LaTeX Font Info:    Trying to load font information for T1+aess on input line 4
3.

("/Users/thomasbroadwater/Library/Application Support/MiKTeX/texmfs/install/tex
/latex/ae/t1aess.fd"
File: t1aess.fd 1997/11/16 Font definitions for T1/aess.
)
("/Users/thomasbroadwater/Library/Application Support/MiKTeX/texmfs/install/tex
/latex/l3backend/l3backend-pdftex.def"
File: l3backend-pdftex.def 2021-08-04 L3 backend support: PDF output (pdfTeX)
\l__color_backend_stack_int=\count499
\l__pdf_internal_box=\box127
) (GreatSlideshow.aux)
\openout1 = `GreatSlideshow.aux'.

LaTeX Font Info:    Checking defaults for OML/cmm/m/it on input line 43.
LaTeX Font Info:    ... okay on input line 43.
LaTeX Font Info:    Checking defaults for OMS/cmsy/m/n on input line 43.
LaTeX Font Info:    ... okay on input line 43.
LaTeX Font Info:    Checking defaults for OT1/cmr/m/n on input line 43.
LaTeX Font Info:    ... okay on input line 43.
LaTeX Font Info:    Checking defaults for T1/cmr/m/n on input line 43.
LaTeX Font Info:    ... okay on input line 43.
LaTeX Font Info:    Checking defaults for TS1/cmr/m/n on input line 43.
LaTeX Font Info:    ... okay on input line 43.
LaTeX Font Info:    Checking defaults for OMX/cmex/m/n on input line 43.
LaTeX Font Info:    ... okay on input line 43.
LaTeX Font Info:    Checking defaults for U/cmr/m/n on input line 43.
LaTeX Font Info:    ... okay on input line 43.
LaTeX Font Info:    Checking defaults for PD1/pdf/m/n on input line 43.
LaTeX Font Info:    ... okay on input line 43.
LaTeX Font Info:    Checking defaults for PU/pdf/m/n on input line 43.
LaTeX Font Info:    ... okay on input line 43.
LaTeX Font Info:    Checking defaults for LGR/cmr/m/n on input line 43.
LaTeX Font Info:    Trying to load font information for LGR+cmr on input line 4
3.

("/Users/thomasbroadwater/Library/Application Support/MiKTeX/texmfs/install/tex
/latex/cbfonts-fd/lgrcmr.fd"
File: lgrcmr.fd 2017/07/29 v1.2 Greek European Computer Regular
)
LaTeX Font Info:    ... okay on input line 43.

*geometry* driver: auto-detecting
*geometry* detected driver: pdftex
*geometry* verbose mode - [ preamble ] result:
* driver: pdftex
* paper: custom
* layout: <same size as paper>
* layoutoffset:(h,v)=(0.0pt,0.0pt)
* modes: includehead includefoot 
* h-part:(L,W,R)=(59.22636pt, 290.74263pt, 14.22636pt)
* v-part:(T,H,B)=(0.0pt, 273.14662pt, 0.0pt)
* \paperwidth=364.19536pt
* \paperheight=273.14662pt
* \textwidth=290.74263pt
* \textheight=244.6939pt
* \oddsidemargin=-13.04362pt
* \evensidemargin=-13.04362pt
* \topmargin=-72.26999pt
* \headheight=14.22636pt
* \headsep=0.0pt
* \topskip=11.0pt
* \footskip=14.22636pt
* \marginparwidth=4.0pt
* \marginparsep=10.0pt
* \columnsep=10.0pt
* \skip\footins=10.0pt plus 4.0pt minus 2.0pt
* \hoffset=0.0pt
* \voffset=0.0pt
* \mag=1000
* \@twocolumnfalse
* \@twosidefalse
* \@mparswitchfalse
* \@reversemarginfalse
* (1in=72.27pt=25.4mm, 1cm=28.453pt)


("/Users/thomasbroadwater/Library/Application Support/MiKTeX/texmfs/install/tex
/context/base/mkii/supp-pdf.mkii"
[Loading MPS to PDF converter (version 2006.09.02).]
\scratchcounter=\count500
\scratchdimen=\dimen324
\scratchbox=\box128
\nofMPsegments=\count501
\nofMParguments=\count502
\everyMPshowfont=\toks51
\MPscratchCnt=\count503
\MPscratchDim=\dimen325
\MPnumerator=\count504
\makeMPintoPDFobject=\count505
\everyMPtoPDFconversion=\toks52
)
("/Users/thomasbroadwater/Library/Application Support/MiKTeX/texmfs/install/tex
/latex/epstopdf-pkg/epstopdf-base.sty"
Package: epstopdf-base 2020-01-24 v2.11 Base part for package epstopdf
Package epstopdf-base Info: Redefining graphics rule for `.eps' on input line 4
85.

("/Users/thomasbroadwater/Library/Application Support/MiKTeX/texmfs/install/tex
/latex/00miktex/epstopdf-sys.cfg"
File: epstopdf-sys.cfg 2021/03/18 v2.0 Configuration of epstopdf for MiKTeX
))
Package hyperref Info: Link coloring OFF on input line 43.
LaTeX Info: Redefining \ref on input line 43.
LaTeX Info: Redefining \pageref on input line 43.
LaTeX Info: Redefining \nameref on input line 43.
 (GreatSlideshow.out) (GreatSlideshow.out)
\@outlinefile=\write7
\openout7 = `GreatSlideshow.out'.

LaTeX Font Info:    Overwriting symbol font `operators' in version `normal'
(Font)                  OT1/cmr/m/n --> OT1/cmss/m/n on input line 43.
LaTeX Font Info:    Overwriting symbol font `operators' in version `bold'
(Font)                  OT1/cmr/bx/n --> OT1/cmss/b/n on input line 43.
\symnumbers=\mathgroup6
\sympureletters=\mathgroup7
LaTeX Font Info:    Overwriting math alphabet `\mathrm' in version `normal'
(Font)                  OT1/cmss/m/n --> T1/aer/m/n on input line 43.
LaTeX Font Info:    Redeclaring math alphabet \mathbf on input line 43.
LaTeX Font Info:    Overwriting math alphabet `\mathbf' in version `normal'
(Font)                  OT1/cmr/bx/n --> T1/aess/b/n on input line 43.
LaTeX Font Info:    Overwriting math alphabet `\mathbf' in version `bold'
(Font)                  OT1/cmr/bx/n --> T1/aess/b/n on input line 43.
LaTeX Font Info:    Redeclaring math alphabet \mathsf on input line 43.
LaTeX Font Info:    Overwriting math alphabet `\mathsf' in version `normal'
(Font)                  OT1/cmss/m/n --> T1/aess/m/n on input line 43.
LaTeX Font Info:    Overwriting math alphabet `\mathsf' in version `bold'
(Font)                  OT1/cmss/bx/n --> T1/aess/m/n on input line 43.
LaTeX Font Info:    Redeclaring math alphabet \mathit on input line 43.
LaTeX Font Info:    Overwriting math alphabet `\mathit' in version `normal'
(Font)                  OT1/cmr/m/it --> T1/aess/m/it on input line 43.
LaTeX Font Info:    Overwriting math alphabet `\mathit' in version `bold'
(Font)                  OT1/cmr/bx/it --> T1/aess/m/it on input line 43.
LaTeX Font Info:    Redeclaring math alphabet \mathtt on input line 43.
LaTeX Font Info:    Overwriting math alphabet `\mathtt' in version `normal'
(Font)                  OT1/cmtt/m/n --> T1/aett/m/n on input line 43.
LaTeX Font Info:    Overwriting math alphabet `\mathtt' in version `bold'
(Font)                  OT1/cmtt/m/n --> T1/aett/m/n on input line 43.
LaTeX Font Info:    Overwriting symbol font `numbers' in version `bold'
(Font)                  T1/aess/m/n --> T1/aess/b/n on input line 43.
LaTeX Font Info:    Overwriting symbol font `pureletters' in version `bold'
(Font)                  T1/aess/m/it --> T1/aess/b/it on input line 43.
LaTeX Font Info:    Overwriting math alphabet `\mathrm' in version `bold'
(Font)                  OT1/cmss/b/n --> T1/aer/b/n on input line 43.
LaTeX Font Info:    Overwriting math alphabet `\mathbf' in version `bold'
(Font)                  T1/aess/b/n --> T1/aess/b/n on input line 43.
LaTeX Font Info:    Overwriting math alphabet `\mathsf' in version `bold'
(Font)                  T1/aess/m/n --> T1/aess/b/n on input line 43.
LaTeX Font Info:    Overwriting math alphabet `\mathit' in version `bold'
(Font)                  T1/aess/m/it --> T1/aess/b/it on input line 43.
LaTeX Font Info:    Overwriting math alphabet `\mathtt' in version `bold'
(Font)                  T1/aett/m/n --> T1/aett/b/n on input line 43.

("/Users/thomasbroadwater/Library/Application Support/MiKTeX/texmfs/install/tex
/latex/translator/translator-basic-dictionary-English.dict"
Dictionary: translator-basic-dictionary, Language: English 
)
("/Users/thomasbroadwater/Library/Application Support/MiKTeX/texmfs/install/tex
/latex/translator/translator-bibliography-dictionary-English.dict"
Dictionary: translator-bibliography-dictionary, Language: English 
)
("/Users/thomasbroadwater/Library/Application Support/MiKTeX/texmfs/install/tex
/latex/translator/translator-environment-dictionary-English.dict"
Dictionary: translator-environment-dictionary, Language: English 
)
("/Users/thomasbroadwater/Library/Application Support/MiKTeX/texmfs/install/tex
/latex/translator/translator-months-dictionary-English.dict"
Dictionary: translator-months-dictionary, Language: English 
)
("/Users/thomasbroadwater/Library/Application Support/MiKTeX/texmfs/install/tex
/latex/translator/translator-numbers-dictionary-English.dict"
Dictionary: translator-numbers-dictionary, Language: English 
)
("/Users/thomasbroadwater/Library/Application Support/MiKTeX/texmfs/install/tex
/latex/translator/translator-theorem-dictionary-English.dict"
Dictionary: translator-theorem-dictionary, Language: English 
)
Package biblatex Info: Trying to load language 'english' -> 'cms-american'...
Package biblatex Info: ... file 'cms-american.lbx' found.

("/Users/thomasbroadwater/Library/Application Support/MiKTeX/texmfs/install/tex
/latex/biblatex-chicago/cms-american.lbx"
File: cms-american.lbx 2021/06/30 v 3.16 biblatex localization
Package biblatex Info: Trying to load language 'american'...
Package biblatex Info: ... file 'american.lbx' found.

("/Users/thomasbroadwater/Library/Application Support/MiKTeX/texmfs/install/tex
/latex/biblatex/lbx/american.lbx"
File: american.lbx 2020/12/31 v3.16 biblatex localization (PK/MW)
Package biblatex Info: Trying to load language 'english'...
Package biblatex Info: ... file 'english.lbx' found.

("/Users/thomasbroadwater/Library/Application Support/MiKTeX/texmfs/install/tex
/latex/biblatex/lbx/english.lbx"
File: english.lbx 2020/12/31 v3.16 biblatex localization (PK/MW)
))
Package biblatex Info: Trying to load language 'english'...
Package biblatex Info: ... file 'english.lbx' found.

("/Users/thomasbroadwater/Library/Application Support/MiKTeX/texmfs/install/tex
/latex/biblatex/lbx/english.lbx"
File: english.lbx 2020/12/31 v3.16 biblatex localization (PK/MW)
))
Package biblatex Info: Trying to load language 'greek'...
Package biblatex Info: ... file 'greek.lbx' found.

("/Users/thomasbroadwater/Library/Application Support/MiKTeX/texmfs/install/tex
/latex/biblatex/lbx/greek.lbx"
File: greek.lbx 2020/12/31 v3.16 biblatex localization (PK/MW)
)
Package biblatex Info: Input encoding 'utf8' detected.
Package biblatex Info: Automatic encoding selection.
(biblatex)             Assuming data encoding 'utf8'.
Package biblatex Info: Document encoding is UTF8 ....

("/Users/thomasbroadwater/Library/Application Support/MiKTeX/texmfs/install/tex
/latex/l3kernel/expl3.sty"
Package: expl3 2021-08-27 L3 programming layer (loader) 
)
Package biblatex Info: ... and expl3
(biblatex)             2021-08-27 L3 programming layer (loader) 
(biblatex)             is new enough (at least 2020/04/06),
(biblatex)             setting 'casechanger=expl3'.

("/Users/thomasbroadwater/Library/Application Support/MiKTeX/texmfs/install/tex
/latex/biblatex/blx-case-expl3.sty"
("/Users/thomasbroadwater/Library/Application Support/MiKTeX/texmfs/install/tex
/latex/l3packages/xparse/xparse.sty"
Package: xparse 2021-08-27 L3 Experimental document command parser
)
Package: blx-case-expl3 2020/12/31 v3.16 expl3 case changing code for biblatex
)
\openout5 = `GreatSlideshow.bcf'.

Package biblatex Info: Trying to load bibliographic data...
Package biblatex Info: ... file 'GreatSlideshow.bbl' not found.

No file GreatSlideshow.bbl.
Package biblatex Info: Reference section=0 on input line 43.
Package biblatex Info: Reference segment=0 on input line 43.
LaTeX Info: Redefining \microtypecontext on input line 43.
Package microtype Info: Generating PDF output.
Package microtype Info: Character protrusion enabled (level 2).
Package microtype Info: Using default protrusion set `alltext'.
Package microtype Info: Automatic font expansion enabled (level 2),
(microtype)             stretch: 20, shrink: 20, step: 1, non-selected.
Package microtype Info: Using default expansion set `alltext-nott'.
LaTeX Info: Redefining \showhyphens on input line 43.
Package microtype Info: No adjustment of tracking.
Package microtype Info: No adjustment of interword spacing.
Package microtype Info: No adjustment of character kerning.
Package microtype Info: Loading generic protrusion settings for font family
(microtype)             `aess' (encoding: T1).
(microtype)             For optimal results, create family-specific settings.
(microtype)             See the microtype manual for details.

("/Users/thomasbroadwater/Library/Application Support/MiKTeX/texmfs/install/tex
/latex/greek-fontenc/puenc-greek.def"
File: puenc-greek.def 2020/10/18 2.0 Greek LICRs for PDF strings

("/Users/thomasbroadwater/Library/Application Support/MiKTeX/texmfs/install/tex
/latex/greek-fontenc/greek-fontenc.def"
File: greek-fontenc.def 2020/10/30 2.0 Common Greek font encoding definitions
))
("/Users/thomasbroadwater/Library/Application Support/MiKTeX/texmfs/install/tex
/latex/greek-fontenc/puenc-greek.def"
File: puenc-greek.def 2020/10/18 2.0 Greek LICRs for PDF strings

("/Users/thomasbroadwater/Library/Application Support/MiKTeX/texmfs/install/tex
/latex/greek-fontenc/greek-fontenc.def"
File: greek-fontenc.def 2020/10/30 2.0 Common Greek font encoding definitions
)) (GreatSlideshow.nav)
(GreatSlideshow-concordance.tex)
Package microtype Info: Loading generic protrusion settings for font family
(microtype)             `cmss' (encoding: OT1).
(microtype)             For optimal results, create family-specific settings.
(microtype)             See the microtype manual for details.
LaTeX Font Info:    External font `cmex7' loaded for size
(Font)              <7> on input line 48.
LaTeX Font Info:    Trying to load font information for U+msa on input line 48.


("/Users/thomasbroadwater/Library/Application Support/MiKTeX/texmfs/install/tex
/latex/amsfonts/umsa.fd"
File: umsa.fd 2013/01/14 v3.01 AMS symbols A
)
("/Users/thomasbroadwater/Library/Application Support/MiKTeX/texmfs/install/tex
/latex/microtype/mt-msa.cfg"
File: mt-msa.cfg 2006/02/04 v1.1 microtype config. file: AMS symbols (a) (RS)
)
LaTeX Font Info:    Trying to load font information for U+msb on input line 48.


("/Users/thomasbroadwater/Library/Application Support/MiKTeX/texmfs/install/tex
/latex/amsfonts/umsb.fd"
File: umsb.fd 2013/01/14 v3.01 AMS symbols B
)
("/Users/thomasbroadwater/Library/Application Support/MiKTeX/texmfs/install/tex
/latex/microtype/mt-msb.cfg"
File: mt-msb.cfg 2005/06/01 v1.0 microtype config. file: AMS symbols (b) (RS)
)
LaTeX Font Info:    Font shape `T1/aess/m/it' in size <14.4> not available
(Font)              Font shape `T1/aess/m/sl' tried instead on input line 48.
LaTeX Font Info:    Font shape `T1/aess/m/it' in size <10> not available
(Font)              Font shape `T1/aess/m/sl' tried instead on input line 48.
LaTeX Font Info:    Font shape `T1/aess/m/it' in size <7> not available
(Font)              Font shape `T1/aess/m/sl' tried instead on input line 48.
 [1{/Users/thomasbroadwater/Library/Application Support/MiKTeX/texmfs/data/pdft
ex/config/pdftex.map}

]
LaTeX Font Info:    External font `cmex7' loaded for size
(Font)              <6> on input line 70.
LaTeX Font Info:    Font shape `T1/aess/m/it' in size <10.95> not available
(Font)              Font shape `T1/aess/m/sl' tried instead on input line 70.
LaTeX Font Info:    Font shape `T1/aess/m/it' in size <8> not available
(Font)              Font shape `T1/aess/m/sl' tried instead on input line 70.
LaTeX Font Info:    Font shape `T1/aess/m/it' in size <6> not available
(Font)              Font shape `T1/aess/m/sl' tried instead on input line 70.
LaTeX Font Info:    External font `cmex7' loaded for size
(Font)              <5> on input line 70.
LaTeX Font Info:    Font shape `T1/aess/m/it' in size <5> not available
(Font)              Font shape `T1/aess/m/sl' tried instead on input line 70.
LaTeX Font Info:    Font shape `T1/aess/m/it' in size <9> not available
(Font)              Font shape `T1/aess/m/sl' tried instead on input line 70.
 [2

] [3

] [4

] [5

] [6

]
[7

] [8

]
\openout4 = `GreatSlideshow.vrb'.

 (GreatSlideshow.vrb
LaTeX Font Info:    Trying to load font information for T1+aett on input line 3
.

("/Users/thomasbroadwater/Library/Application Support/MiKTeX/texmfs/install/tex
/latex/ae/t1aett.fd"
File: t1aett.fd 1997/11/16 Font definitions for T1/aett.
)
Package microtype Info: Loading generic protrusion settings for font family
(microtype)             `aett' (encoding: T1).
(microtype)             For optimal results, create family-specific settings.
(microtype)             See the microtype manual for details.
LaTeX Font Info:    Trying to load font information for TS1+aett on input line 
4.

(/Library/Frameworks/R.framework/Resources/share/texmf/tex/latex/ts1aett.fd
File: ts1aett.fd 
)
LaTeX Font Info:    Trying to load font information for TS1+cmtt on input line 
4.

("/Users/thomasbroadwater/Library/Application Support/MiKTeX/texmfs/install/tex
/latex/base/ts1cmtt.fd"
File: ts1cmtt.fd 2019/12/16 v2.5j Standard LaTeX font definitions
)
LaTeX Font Info:    Font shape `TS1/aett/m/n' in size <10.95> not available
(Font)              Font shape `TS1/cmtt/m/n' tried instead on input line 4.
Package microtype Info: Loading generic protrusion settings for font family
(microtype)             `cmtt' (encoding: TS1).
(microtype)             For optimal results, create family-specific settings.
(microtype)             See the microtype manual for details.
) [9

] [10

] [11

]
<GreatSlideshow-006.pdf, id=245, 433.62pt x 433.62pt>
File: GreatSlideshow-006.pdf Graphic file (type pdf)
<use GreatSlideshow-006.pdf>
Package pdftex.def Info: GreatSlideshow-006.pdf  used on input line 232.
(pdftex.def)             Requested size: 232.59499pt x 232.59644pt.
 [12

 <./GreatSlideshow-006.pdf>]
[13

]
<GreatSlideshow-008.pdf, id=283, 433.62pt x 433.62pt>
File: GreatSlideshow-008.pdf Graphic file (type pdf)
<use GreatSlideshow-008.pdf>
Package pdftex.def Info: GreatSlideshow-008.pdf  used on input line 256.
(pdftex.def)             Requested size: 232.59499pt x 232.59644pt.
 [14

 <./GreatSlideshow-008.pdf>]
\openout4 = `GreatSlideshow.vrb'.

 (GreatSlideshow.vrb
<GreatSlideshow-Turn_Length.pdf, id=305, 433.62pt x 433.62pt>
File: GreatSlideshow-Turn_Length.pdf Graphic file (type pdf)
<use GreatSlideshow-Turn_Length.pdf>
Package pdftex.def Info: GreatSlideshow-Turn_Length.pdf  used on input line 2.
(pdftex.def)             Requested size: 232.59499pt x 232.59644pt.
) [15

 <./GreatSlideshow-Turn_Length.pdf>]
\openout4 = `GreatSlideshow.vrb'.

 (GreatSlideshow.vrb) [16

] [17

]
\openout4 = `GreatSlideshow.vrb'.

 (GreatSlideshow.vrb
<GreatSlideshow-012.pdf, id=358, 433.62pt x 433.62pt>
File: GreatSlideshow-012.pdf Graphic file (type pdf)
<use GreatSlideshow-012.pdf>
Package pdftex.def Info: GreatSlideshow-012.pdf  used on input line 2.
(pdftex.def)             Requested size: 232.59499pt x 232.59644pt.
) [18

 <./GreatSlideshow-012.pdf>]
\openout4 = `GreatSlideshow.vrb'.

 (GreatSlideshow.vrb
<GreatSlideshow-013.pdf, id=380, 433.62pt x 433.62pt>
File: GreatSlideshow-013.pdf Graphic file (type pdf)
<use GreatSlideshow-013.pdf>
Package pdftex.def Info: GreatSlideshow-013.pdf  used on input line 2.
(pdftex.def)             Requested size: 232.59499pt x 232.59644pt.
) [19

 <./GreatSlideshow-013.pdf>]
[20

]
\openout4 = `GreatSlideshow.vrb'.

 (GreatSlideshow.vrb) [21

] [22

]
\openout4 = `GreatSlideshow.vrb'.

 (GreatSlideshow.vrb
<GreatSlideshow-016.pdf, id=450, 433.62pt x 433.62pt>
File: GreatSlideshow-016.pdf Graphic file (type pdf)
<use GreatSlideshow-016.pdf>
Package pdftex.def Info: GreatSlideshow-016.pdf  used on input line 2.
(pdftex.def)             Requested size: 232.59499pt x 232.59644pt.
) [23

 <./GreatSlideshow-016.pdf>]
\openout4 = `GreatSlideshow.vrb'.

 (GreatSlideshow.vrb
<GreatSlideshow-017.pdf, id=472, 433.62pt x 433.62pt>
File: GreatSlideshow-017.pdf Graphic file (type pdf)
<use GreatSlideshow-017.pdf>
Package pdftex.def Info: GreatSlideshow-017.pdf  used on input line 2.
(pdftex.def)             Requested size: 232.59499pt x 232.59644pt.
) [24

 <./GreatSlideshow-017.pdf>] [25

]
\openout4 = `GreatSlideshow.vrb'.


(GreatSlideshow.vrb
<GreatSlideshow-019.pdf, id=510, 433.62pt x 433.62pt>
File: GreatSlideshow-019.pdf Graphic file (type pdf)
<use GreatSlideshow-019.pdf>
Package pdftex.def Info: GreatSlideshow-019.pdf  used on input line 3.
(pdftex.def)             Requested size: 232.59499pt x 232.59644pt.
) [26

 <./GreatSlideshow-019.pdf>]
\openout4 = `GreatSlideshow.vrb'.

 (GreatSlideshow.vrb
<GreatSlideshow-021.pdf, id=532, 433.62pt x 433.62pt>
File: GreatSlideshow-021.pdf Graphic file (type pdf)
<use GreatSlideshow-021.pdf>
Package pdftex.def Info: GreatSlideshow-021.pdf  used on input line 3.
(pdftex.def)             Requested size: 232.59499pt x 232.59644pt.
)
[27

 <./GreatSlideshow-021.pdf>] [28

]
\openout4 = `GreatSlideshow.vrb'.

 (GreatSlideshow.vrb
<GreatSlideshow-022.pdf, id=570, 433.62pt x 433.62pt>
File: GreatSlideshow-022.pdf Graphic file (type pdf)
<use GreatSlideshow-022.pdf>
Package pdftex.def Info: GreatSlideshow-022.pdf  used on input line 2.
(pdftex.def)             Requested size: 232.59499pt x 232.59644pt.
) [29

 <./GreatSlideshow-022.pdf>]
\tf@nav=\write8
\openout8 = `GreatSlideshow.nav'.

\tf@toc=\write9
\openout9 = `GreatSlideshow.toc'.

\tf@snm=\write10
\openout10 = `GreatSlideshow.snm'.

 (GreatSlideshow.aux)
Package rerunfilecheck Info: File `GreatSlideshow.out' has not changed.
(rerunfilecheck)             Checksum: 467074F10E58169C59E0B0C9DFAB8252;1122.
Package logreq Info: Writing requests to 'GreatSlideshow.run.xml'.
\openout1 = `GreatSlideshow.run.xml'.

 ) 
Here is how much of TeX's memory you used:
 39835 strings out of 480832
 784484 string characters out of 2900232
 1810025 words of memory out of 3000000
 56427 multiletter control sequences out of 15000+600000
 458684 words of font info for 219 fonts, out of 8000000 for 9000
 14 hyphenation exceptions out of 8191
 128i,15n,124p,749b,3825s stack positions out of 5000i,500n,10000p,200000b,80000s
 </Users/thomasbroadwater/Library/Application Support/MiKTeX/texmfs/data/font
s/pk/ljfour/jknappen/ec/dpi600/tctt1095.pk></Users/thomasbroadwater/Library/App
lication Support/MiKTeX/texmfs/install/fonts/type1/public/amsfonts/cm/cmss10.pf
b></Users/thomasbroadwater/Library/Application Support/MiKTeX/texmfs/install/fo
nts/type1/public/amsfonts/cm/cmss12.pfb></Users/thomasbroadwater/Library/Applic
ation Support/MiKTeX/texmfs/install/fonts/type1/public/amsfonts/cm/cmss8.pfb></
Users/thomasbroadwater/Library/Application Support/MiKTeX/texmfs/install/fonts/
type1/public/amsfonts/cm/cmss9.pfb></Users/thomasbroadwater/Library/Application
 Support/MiKTeX/texmfs/install/fonts/type1/public/amsfonts/cm/cmssi10.pfb></Use
rs/thomasbroadwater/Library/Application Support/MiKTeX/texmfs/install/fonts/typ
e1/public/amsfonts/cm/cmsy10.pfb></Users/thomasbroadwater/Library/Application S
upport/MiKTeX/texmfs/install/fonts/type1/public/amsfonts/cm/cmsy9.pfb></Users/t
homasbroadwater/Library/Application Support/MiKTeX/texmfs/install/fonts/type1/p
ublic/amsfonts/cm/cmtt10.pfb>
Output written on GreatSlideshow.pdf (29 pages, 281229 bytes).
PDF statistics:
 646 PDF objects out of 1000 (max. 8388607)
 69 named destinations out of 1000 (max. 500000)
 107697 words of extra memory for PDF output out of 128383 (max. 10000000)

